This is pdfTeX, Version 3.141592653-2.6-1.40.27 (TeX Live 2025) (preloaded format=pdflatex 2025.5.15)  16 MAY 2025 10:46
entering extended mode
 restricted \write18 enabled.
 %&-line parsing enabled.
**Subcellular_proteomics_workflow.tex
(./Subcellular_proteomics_workflow.tex
LaTeX2e <2024-11-01> patch level 2
L3 programming layer <2025-04-29>
(/Users/User/Library/TinyTeX/texmf-dist/tex/latex/extsizes/extarticle.cls
Document Class: extarticle 1996/10/08 v1.0 Non Standard LaTeX document class
(/Users/User/Library/TinyTeX/texmf-dist/tex/latex/extsizes/size9.clo
File: size9.clo 1999/11/11 v1.4a NON-Standard LaTeX file (size option)
) (/Users/User/Library/TinyTeX/texmf-dist/tex/latex/base/exscale.sty
Package: exscale 2018/09/24 v2.1i Standard LaTeX package exscale
LaTeX Font Info:    Redeclaring symbol font `largesymbols' on input line 57.
LaTeX Font Info:    Overwriting symbol font `largesymbols' in version `normal'
(Font)                  OMX/cmex/m/n --> OMX/cmex/m/n on input line 57.
LaTeX Font Info:    Overwriting symbol font `largesymbols' in version `bold'
(Font)                  OMX/cmex/m/n --> OMX/cmex/m/n on input line 57.
\big@size=\dimen146
)
\c@part=\count272
\c@section=\count273
\c@subsection=\count274
\c@subsubsection=\count275
\c@paragraph=\count276
\c@subparagraph=\count277
\c@figure=\count278
\c@table=\count279
\abovecaptionskip=\skip49
\belowcaptionskip=\skip50
\bibindent=\dimen147
) (./f1000_styles.sty
Package: f1000_styles 
(/Users/User/Library/TinyTeX/texmf-dist/tex/latex/preprint/authblk.sty
Package: authblk 2001/02/27 1.3 (PWD)
\affilsep=\skip51
\@affilsep=\skip52
\c@Maxaffil=\count280
\c@authors=\count281
\c@affil=\count282
) (/Users/User/Library/TinyTeX/texmf-dist/tex/generic/babel/babel.sty
Package: babel 2025/05/14 v25.9 The multilingual framework for pdfLaTeX, LuaLaTeX and XeLaTeX
\babel@savecnt=\count283
\U@D=\dimen148
\l@unhyphenated=\language5
(/Users/User/Library/TinyTeX/texmf-dist/tex/generic/babel/txtbabel.def)
\bbl@readstream=\read2
\bbl@dirlevel=\count284
(/Users/User/Library/TinyTeX/texmf-dist/tex/generic/babel-english/english.ldf
Language: english 2017/06/06 v3.3r English support from the babel system
(/Users/User/Library/TinyTeX/texmf-dist/tex/generic/babel/locale/en/babel-english.tex
Package babel Info: Importing font and identification data for english
(babel)             from babel-en.ini. Reported on input line 11.
)
Package babel Info: Hyphen rules for 'canadian' set to \l@english
(babel)             (\language0). Reported on input line 102.
Package babel Info: Hyphen rules for 'australian' set to \l@ukenglish
(babel)             (\language3). Reported on input line 105.
Package babel Info: Hyphen rules for 'newzealand' set to \l@ukenglish
(babel)             (\language3). Reported on input line 108.
)) (/Users/User/Library/TinyTeX/texmf-dist/tex/latex/base/inputenc.sty
Package: inputenc 2024/02/08 v1.3d Input encoding file
\inpenc@prehook=\toks17
\inpenc@posthook=\toks18
) (/Users/User/Library/TinyTeX/texmf-dist/tex/latex/base/fontenc.sty
Package: fontenc 2021/04/29 v2.0v Standard LaTeX package
) (/Users/User/Library/TinyTeX/texmf-dist/tex/latex/mathdesign/mathdesign.sty
Package: mathdesign 2013/08/29 v2.31 Math Design Project
(/Users/User/Library/TinyTeX/texmf-dist/tex/latex/graphics/keyval.sty
Package: keyval 2022/05/29 v1.15 key=value parser (DPC)
\KV@toks@=\toks19
) (/Users/User/Library/TinyTeX/texmf-dist/tex/latex/base/ifthen.sty
Package: ifthen 2024/03/16 v1.1e Standard LaTeX ifthen package (DPC)
) (/Users/User/Library/TinyTeX/texmf-dist/tex/latex/mathdesign/mdbch/mdbch.cfg) (/Users/User/Library/TinyTeX/texmf-dist/tex/latex/mathdesign/mdbch/mdbch.sty
Package: mdbch 2013/08/29 v2.31 bitstream bitstream charter + mdbch (Math Design Project)
(/Users/User/Library/TinyTeX/texmf-dist/tex/latex/mathdesign/mdfont.def
File: mdfont.def 2013/08/29 v2.31 (Math Design Project)
) (/Users/User/Library/TinyTeX/texmf-dist/tex/latex/mathdesign/mdsffont.def
File: mdsffont.def 2013/08/29 v2.31 (Math Design Project)

LaTeX Info: Font shape OT1/phv/mc/n has incorrect series value `mc'.
            It should not contain an `m'! Please correct it.
            Found on input line 53.


LaTeX Info: Font shape OT1/phv/mc/sc has incorrect series value `mc'.
            It should not contain an `m'! Please correct it.
            Found on input line 56.


LaTeX Info: Font shape OT1/phv/mc/sl has incorrect series value `mc'.
            It should not contain an `m'! Please correct it.
            Found on input line 59.


LaTeX Info: Font shape OT1/phv/mc/it has incorrect series value `mc'.
            It should not contain an `m'! Please correct it.
            Found on input line 79.


LaTeX Info: Font shape T1/phv/mc/n has incorrect series value `mc'.
            It should not contain an `m'! Please correct it.
            Found on input line 102.


LaTeX Info: Font shape T1/phv/mc/sc has incorrect series value `mc'.
            It should not contain an `m'! Please correct it.
            Found on input line 105.


LaTeX Info: Font shape T1/phv/mc/sl has incorrect series value `mc'.
            It should not contain an `m'! Please correct it.
            Found on input line 108.


LaTeX Info: Font shape T1/phv/mc/it has incorrect series value `mc'.
            It should not contain an `m'! Please correct it.
            Found on input line 128.


LaTeX Info: Font shape OT1/uhv/mc/n has incorrect series value `mc'.
            It should not contain an `m'! Please correct it.
            Found on input line 259.


LaTeX Info: Font shape OT1/uhv/mc/sc has incorrect series value `mc'.
            It should not contain an `m'! Please correct it.
            Found on input line 262.


LaTeX Info: Font shape OT1/uhv/mc/sl has incorrect series value `mc'.
            It should not contain an `m'! Please correct it.
            Found on input line 265.


LaTeX Info: Font shape OT1/uhv/mc/it has incorrect series value `mc'.
            It should not contain an `m'! Please correct it.
            Found on input line 268.


LaTeX Info: Font shape T1/uhv/mc/n has incorrect series value `mc'.
            It should not contain an `m'! Please correct it.
            Found on input line 313.


LaTeX Info: Font shape T1/uhv/mc/sc has incorrect series value `mc'.
            It should not contain an `m'! Please correct it.
            Found on input line 316.


LaTeX Info: Font shape T1/uhv/mc/sl has incorrect series value `mc'.
            It should not contain an `m'! Please correct it.
            Found on input line 319.


LaTeX Info: Font shape T1/uhv/mc/it has incorrect series value `mc'.
            It should not contain an `m'! Please correct it.
            Found on input line 322.

) (/Users/User/Library/TinyTeX/texmf-dist/tex/latex/mathdesign/mdttfont.def
File: mdttfont.def 2013/08/29 v2.31 (Math Design Project)
)
\symmdcal=\mathgroup4
LaTeX Font Info:    Overwriting symbol font `mdcal' in version `bold'
(Font)                  OMS/mdbch/m/n --> OMS/mdbch/b/n on input line 97.
\symmdscr=\mathgroup5
LaTeX Font Info:    Overwriting symbol font `mdscr' in version `bold'
(Font)                  OMS/mdbch/m/n --> OMS/mdbch/b/n on input line 103.
LaTeX Font Info:    Overwriting math alphabet `\mathfrak' in version `bold'
(Font)                  U/xmdeuf/m/n --> U/xmdeuf/b/n on input line 110.
LaTeX Font Info:    Overwriting symbol font `operators' in version `normal'
(Font)                  OT1/cmr/m/n --> OT1/mdbch/m/n on input line 121.
LaTeX Font Info:    Overwriting symbol font `letters' in version `normal'
(Font)                  OML/cmm/m/it --> OML/mdbch/m/it on input line 122.
LaTeX Font Info:    Overwriting symbol font `symbols' in version `normal'
(Font)                  OMS/cmsy/m/n --> OMS/mdbch/m/n on input line 123.
LaTeX Font Info:    Overwriting symbol font `largesymbols' in version `normal'
(Font)                  OMX/cmex/m/n --> OMX/mdbch/m/n on input line 124.
LaTeX Font Info:    Overwriting symbol font `operators' in version `bold'
(Font)                  OT1/cmr/bx/n --> OT1/mdbch/b/n on input line 126.
LaTeX Font Info:    Overwriting symbol font `letters' in version `bold'
(Font)                  OML/cmm/b/it --> OML/mdbch/b/it on input line 127.
LaTeX Font Info:    Overwriting symbol font `symbols' in version `bold'
(Font)                  OMS/cmsy/b/n --> OMS/mdbch/b/n on input line 128.
LaTeX Font Info:    Overwriting symbol font `largesymbols' in version `bold'
(Font)                  OMX/cmex/m/n --> OMX/mdbch/b/n on input line 129.
LaTeX Font Info:    Overwriting math alphabet `\mathrm' in version `normal'
(Font)                  OT1/mdbch/m/n --> T1/mdbch/m/n on input line 131.
LaTeX Font Info:    Overwriting math alphabet `\mathbf' in version `normal'
(Font)                  OT1/cmr/bx/n --> T1/mdbch/b/n on input line 132.
LaTeX Font Info:    Overwriting math alphabet `\mathit' in version `normal'
(Font)                  OT1/cmr/m/it --> T1/mdbch/m/it on input line 133.
LaTeX Font Info:    Overwriting math alphabet `\mathsf' in version `normal'
(Font)                  OT1/cmss/m/n --> T1/cmss/m/n on input line 134.
LaTeX Font Info:    Overwriting math alphabet `\mathtt' in version `normal'
(Font)                  OT1/cmtt/m/n --> T1/cmtt/m/n on input line 135.
LaTeX Font Info:    Overwriting math alphabet `\mathrm' in version `bold'
(Font)                  OT1/mdbch/b/n --> T1/mdbch/b/n on input line 137.
LaTeX Font Info:    Overwriting math alphabet `\mathbf' in version `bold'
(Font)                  OT1/cmr/bx/n --> T1/mdbch/b/n on input line 138.
LaTeX Font Info:    Overwriting math alphabet `\mathit' in version `bold'
(Font)                  OT1/cmr/bx/it --> T1/mdbch/b/it on input line 139.
LaTeX Font Info:    Overwriting math alphabet `\mathsf' in version `bold'
(Font)                  OT1/cmss/bx/n --> T1/cmss/b/n on input line 140.
LaTeX Font Info:    Overwriting math alphabet `\mathtt' in version `bold'
(Font)                  OT1/cmtt/m/n --> T1/cmtt/b/n on input line 141.
\symlettersupright=\mathgroup6
LaTeX Font Info:    Overwriting symbol font `lettersupright' in version `bold'
(Font)                  OML/mdbch/m/n --> OML/mdbch/b/n on input line 144.
LaTeX Font Info:    Redeclaring math alphabet \mathrm on input line 145.
LaTeX Font Info:    Overwriting math alphabet `\mathcal' in version `normal'
(Font)                  OMS/mdbch/m/n --> OMS/mdbch/m/n on input line 167.
(/Users/User/Library/TinyTeX/texmf-dist/tex/latex/xkeyval/xkeyval.sty
Package: xkeyval 2022/06/16 v2.9 package option processing (HA)
(/Users/User/Library/TinyTeX/texmf-dist/tex/generic/xkeyval/xkeyval.tex (/Users/User/Library/TinyTeX/texmf-dist/tex/generic/xkeyval/xkvutils.tex
\XKV@toks=\toks20
\XKV@tempa@toks=\toks21
)
\XKV@depth=\count285
File: xkeyval.tex 2014/12/03 v2.7a key=value parser (HA)
))
LaTeX Font Info:    Trying to load font information for T1+mdbch on input line 186.
(/Users/User/Library/TinyTeX/texmf-dist/tex/latex/mathdesign/mdbch/t1mdbch.fd
File: t1mdbch.fd 2013/08/29 Fontinst v1.933 font definitions for T1/mdbch.
)
LaTeX Font Info:    Font shape `T1/mdbch/m/n' will be
(Font)              scaled to size 8.64006pt on input line 186.
LaTeX Font Info:    Redeclaring math accent \widetilde on input line 449.
LaTeX Font Info:    Redeclaring math accent \widehat on input line 450.
Now handling font encoding MDA ...
... no UTF-8 mapping file for font encoding MDA
\symmathdesignA=\mathgroup7
LaTeX Font Info:    Overwriting symbol font `mathdesignA' in version `bold'
(Font)                  MDA/mdbch/m/n --> MDA/mdbch/b/n on input line 491.
Now handling font encoding MDB ...
... no UTF-8 mapping file for font encoding MDB
\symmathdesignB=\mathgroup8
LaTeX Font Info:    Overwriting symbol font `mathdesignB' in version `bold'
(Font)                  MDB/mdbch/m/n --> MDB/mdbch/b/n on input line 498.
\@emptytoks=\toks22
LaTeX Font Info:    Redeclaring math accent \widetilde on input line 532.
LaTeX Font Info:    Redeclaring math accent \widehat on input line 533.
\rulethickness=\skip53
) (/Users/User/Library/TinyTeX/texmf-dist/tex/latex/base/fontenc.sty
Package: fontenc 2021/04/29 v2.0v Standard LaTeX package
)) (/Users/User/Library/TinyTeX/texmf-dist/tex/latex/colortbl/colortbl.sty
Package: colortbl 2024/07/06 v1.0i Color table columns (DPC)
(/Users/User/Library/TinyTeX/texmf-dist/tex/latex/tools/array.sty
Package: array 2024/10/17 v2.6g Tabular extension package (FMi)
\col@sep=\dimen149
\ar@mcellbox=\box53
\extrarowheight=\dimen150
\NC@list=\toks23
\extratabsurround=\skip54
\backup@length=\skip55
\ar@cellbox=\box54
) (/Users/User/Library/TinyTeX/texmf-dist/tex/latex/graphics/color.sty
Package: color 2024/06/23 v1.3e Standard LaTeX Color (DPC)
(/Users/User/Library/TinyTeX/texmf-dist/tex/latex/graphics-cfg/color.cfg
File: color.cfg 2016/01/02 v1.6 sample color configuration
)
Package color Info: Driver file: pdftex.def on input line 149.
(/Users/User/Library/TinyTeX/texmf-dist/tex/latex/graphics-def/pdftex.def
File: pdftex.def 2024/04/13 v1.2c Graphics/color driver for pdftex
) (/Users/User/Library/TinyTeX/texmf-dist/tex/latex/graphics/mathcolor.ltx))
\everycr=\toks24
\minrowclearance=\skip56
\rownum=\count286
) (/Users/User/Library/TinyTeX/texmf-dist/tex/latex/xcolor/xcolor.sty
Package: xcolor 2024/09/29 v3.02 LaTeX color extensions (UK)
(/Users/User/Library/TinyTeX/texmf-dist/tex/latex/graphics-cfg/color.cfg
File: color.cfg 2016/01/02 v1.6 sample color configuration
)

Package xcolor Warning: Package option `usenames' is obsolete and ignored on input line 265.

Package xcolor Info: Driver file: pdftex.def on input line 274.
LaTeX Info: Redefining \color on input line 762.
(/Users/User/Library/TinyTeX/texmf-dist/tex/latex/graphics/mathcolor.ltx)
Package xcolor Info: Model `cmy' substituted by `cmy0' on input line 1349.
Package xcolor Info: Model `hsb' substituted by `rgb' on input line 1353.
Package xcolor Info: Model `RGB' extended on input line 1365.
Package xcolor Info: Model `HTML' substituted by `rgb' on input line 1367.
Package xcolor Info: Model `Hsb' substituted by `hsb' on input line 1368.
Package xcolor Info: Model `tHsb' substituted by `hsb' on input line 1369.
Package xcolor Info: Model `HSB' substituted by `hsb' on input line 1370.
Package xcolor Info: Model `Gray' substituted by `gray' on input line 1371.
Package xcolor Info: Model `wave' substituted by `hsb' on input line 1372.
) (/Users/User/Library/TinyTeX/texmf-dist/tex/latex/graphics/dvipsnam.def
File: dvipsnam.def 2016/06/17 v3.0m Driver-dependent file (DPC,SPQR)
) (/Users/User/Library/TinyTeX/texmf-dist/tex/latex/amsmath/amsmath.sty
Package: amsmath 2024/11/05 v2.17t AMS math features
\@mathmargin=\skip57
For additional information on amsmath, use the `?' option.
(/Users/User/Library/TinyTeX/texmf-dist/tex/latex/amsmath/amstext.sty
Package: amstext 2021/08/26 v2.01 AMS text
(/Users/User/Library/TinyTeX/texmf-dist/tex/latex/amsmath/amsgen.sty
File: amsgen.sty 1999/11/30 v2.0 generic functions
\@emptytoks=\toks25
\ex@=\dimen151
)) (/Users/User/Library/TinyTeX/texmf-dist/tex/latex/amsmath/amsbsy.sty
Package: amsbsy 1999/11/29 v1.2d Bold Symbols
\pmbraise@=\dimen152
) (/Users/User/Library/TinyTeX/texmf-dist/tex/latex/amsmath/amsopn.sty
Package: amsopn 2022/04/08 v2.04 operator names
)
\inf@bad=\count287
LaTeX Info: Redefining \frac on input line 233.
\uproot@=\count288
\leftroot@=\count289
LaTeX Info: Redefining \overline on input line 398.
LaTeX Info: Redefining \colon on input line 409.
\classnum@=\count290
\DOTSCASE@=\count291
LaTeX Info: Redefining \ldots on input line 495.
LaTeX Info: Redefining \dots on input line 498.
LaTeX Info: Redefining \cdots on input line 619.
\Mathstrutbox@=\box55
\strutbox@=\box56
LaTeX Info: Redefining \big on input line 721.
LaTeX Info: Redefining \Big on input line 722.
LaTeX Info: Redefining \bigg on input line 723.
LaTeX Info: Redefining \Bigg on input line 724.
\big@size=\dimen153
LaTeX Font Info:    Redeclaring font encoding OML on input line 742.
LaTeX Font Info:    Redeclaring font encoding OMS on input line 743.
\macc@depth=\count292
LaTeX Info: Redefining \bmod on input line 904.
LaTeX Info: Redefining \pmod on input line 909.
LaTeX Info: Redefining \smash on input line 939.
LaTeX Info: Redefining \relbar on input line 969.
LaTeX Info: Redefining \Relbar on input line 970.
\c@MaxMatrixCols=\count293
\dotsspace@=\muskip17
\c@parentequation=\count294
\dspbrk@lvl=\count295
\tag@help=\toks26
\row@=\count296
\column@=\count297
\maxfields@=\count298
\andhelp@=\toks27
\eqnshift@=\dimen154
\alignsep@=\dimen155
\tagshift@=\dimen156
\tagwidth@=\dimen157
\totwidth@=\dimen158
\lineht@=\dimen159
\@envbody=\toks28
\multlinegap=\skip58
\multlinetaggap=\skip59
\mathdisplay@stack=\toks29
LaTeX Info: Redefining \[ on input line 2953.
LaTeX Info: Redefining \] on input line 2954.
) (/Users/User/Library/TinyTeX/texmf-dist/tex/latex/graphics/graphicx.sty
Package: graphicx 2021/09/16 v1.2d Enhanced LaTeX Graphics (DPC,SPQR)
(/Users/User/Library/TinyTeX/texmf-dist/tex/latex/graphics/graphics.sty
Package: graphics 2024/08/06 v1.4g Standard LaTeX Graphics (DPC,SPQR)
(/Users/User/Library/TinyTeX/texmf-dist/tex/latex/graphics/trig.sty
Package: trig 2023/12/02 v1.11 sin cos tan (DPC)
) (/Users/User/Library/TinyTeX/texmf-dist/tex/latex/graphics-cfg/graphics.cfg
File: graphics.cfg 2016/06/04 v1.11 sample graphics configuration
)
Package graphics Info: Driver file: pdftex.def on input line 106.
)
\Gin@req@height=\dimen160
\Gin@req@width=\dimen161
) (/Users/User/Library/TinyTeX/texmf-dist/tex/latex/fancyhdr/fancyhdr.sty
Package: fancyhdr 2025/02/07 v5.2 Extensive control of page headers and footers
\f@nch@headwidth=\skip60
\f@nch@offset@elh=\skip61
\f@nch@offset@erh=\skip62
\f@nch@offset@olh=\skip63
\f@nch@offset@orh=\skip64
\f@nch@offset@elf=\skip65
\f@nch@offset@erf=\skip66
\f@nch@offset@olf=\skip67
\f@nch@offset@orf=\skip68
\f@nch@height=\skip69
\f@nch@footalignment=\skip70
\f@nch@widthL=\skip71
\f@nch@widthC=\skip72
\f@nch@widthR=\skip73
\@temptokenb=\toks30
) (/Users/User/Library/TinyTeX/texmf-dist/tex/latex/setspace/setspace.sty
Package: setspace 2022/12/04 v6.7b set line spacing
) (/Users/User/Library/TinyTeX/texmf-dist/tex/latex/caption/caption.sty
Package: caption 2023/08/05 v3.6o Customizing captions (AR)
(/Users/User/Library/TinyTeX/texmf-dist/tex/latex/caption/caption3.sty
Package: caption3 2023/07/31 v2.4d caption3 kernel (AR)
\caption@tempdima=\dimen162
\captionmargin=\dimen163
\caption@leftmargin=\dimen164
\caption@rightmargin=\dimen165
\caption@width=\dimen166
\caption@indent=\dimen167
\caption@parindent=\dimen168
\caption@hangindent=\dimen169
Package caption Info: Standard document class detected.
)
\c@caption@flags=\count299
\c@continuedfloat=\count300
) (/Users/User/Library/TinyTeX/texmf-dist/tex/latex/lastpage/lastpage.sty
Package: lastpage 2025/01/27 v2.1e lastpage: 2.09 or 2e? (HMM)
(/Users/User/Library/TinyTeX/texmf-dist/tex/latex/lastpage/lastpage2e.sty
Package: lastpage2e 2025/01/27 v2.1e Decide which 2e lastpage version to use (HMM)
(/Users/User/Library/TinyTeX/texmf-dist/tex/latex/lastpage/lastpagemodern.sty
Package: lastpagemodern 2025-01-27 v2.1e Refers to last page's name (HMM; JPG)
\c@lastpagecount=\count301
) 
)) (/Users/User/Library/TinyTeX/texmf-dist/tex/latex/xifthen/xifthen.sty
Package: xifthen 2015/11/05 v1.4.0 Extended ifthen features
(/Users/User/Library/TinyTeX/texmf-dist/tex/latex/tools/calc.sty
Package: calc 2023/07/08 v4.3 Infix arithmetic (KKT,FJ)
\calc@Acount=\count302
\calc@Bcount=\count303
\calc@Adimen=\dimen170
\calc@Bdimen=\dimen171
\calc@Askip=\skip74
\calc@Bskip=\skip75
LaTeX Info: Redefining \setlength on input line 80.
LaTeX Info: Redefining \addtolength on input line 81.
\calc@Ccount=\count304
\calc@Cskip=\skip76
) (/Users/User/Library/TinyTeX/texmf-dist/tex/latex/ifmtarg/ifmtarg.sty
Package: ifmtarg 2018/04/16 v1.2b check for an empty argument
)) (/Users/User/Library/TinyTeX/texmf-dist/tex/latex/todonotes/todonotes.sty
Package: todonotes 2024/01/05 v1.1.7 Todonotes source and documentation.
Package: todonotes 2024/01/05
(/Users/User/Library/TinyTeX/texmf-dist/tex/latex/pgf/frontendlayer/tikz.sty (/Users/User/Library/TinyTeX/texmf-dist/tex/latex/pgf/basiclayer/pgf.sty (/Users/User/Library/TinyTeX/texmf-dist/tex/latex/pgf/utilities/pgfrcs.sty (/Users/User/Library/TinyTeX/texmf-dist/tex/generic/pgf/utilities/pgfutil-common.tex
\pgfutil@everybye=\toks31
\pgfutil@tempdima=\dimen172
\pgfutil@tempdimb=\dimen173
) (/Users/User/Library/TinyTeX/texmf-dist/tex/generic/pgf/utilities/pgfutil-latex.def
\pgfutil@abb=\box57
) (/Users/User/Library/TinyTeX/texmf-dist/tex/generic/pgf/utilities/pgfrcs.code.tex (/Users/User/Library/TinyTeX/texmf-dist/tex/generic/pgf/pgf.revision.tex)
Package: pgfrcs 2023-01-15 v3.1.10 (3.1.10)
))
Package: pgf 2023-01-15 v3.1.10 (3.1.10)
(/Users/User/Library/TinyTeX/texmf-dist/tex/latex/pgf/basiclayer/pgfcore.sty (/Users/User/Library/TinyTeX/texmf-dist/tex/latex/pgf/systemlayer/pgfsys.sty (/Users/User/Library/TinyTeX/texmf-dist/tex/generic/pgf/systemlayer/pgfsys.code.tex
Package: pgfsys 2023-01-15 v3.1.10 (3.1.10)
(/Users/User/Library/TinyTeX/texmf-dist/tex/generic/pgf/utilities/pgfkeys.code.tex
\pgfkeys@pathtoks=\toks32
\pgfkeys@temptoks=\toks33
(/Users/User/Library/TinyTeX/texmf-dist/tex/generic/pgf/utilities/pgfkeyslibraryfiltered.code.tex
\pgfkeys@tmptoks=\toks34
))
\pgf@x=\dimen174
\pgf@y=\dimen175
\pgf@xa=\dimen176
\pgf@ya=\dimen177
\pgf@xb=\dimen178
\pgf@yb=\dimen179
\pgf@xc=\dimen180
\pgf@yc=\dimen181
\pgf@xd=\dimen182
\pgf@yd=\dimen183
\w@pgf@writea=\write3
\r@pgf@reada=\read3
\c@pgf@counta=\count305
\c@pgf@countb=\count306
\c@pgf@countc=\count307
\c@pgf@countd=\count308
\t@pgf@toka=\toks35
\t@pgf@tokb=\toks36
\t@pgf@tokc=\toks37
\pgf@sys@id@count=\count309
(/Users/User/Library/TinyTeX/texmf-dist/tex/generic/pgf/systemlayer/pgf.cfg
File: pgf.cfg 2023-01-15 v3.1.10 (3.1.10)
)
Driver file for pgf: pgfsys-pdftex.def
(/Users/User/Library/TinyTeX/texmf-dist/tex/generic/pgf/systemlayer/pgfsys-pdftex.def
File: pgfsys-pdftex.def 2023-01-15 v3.1.10 (3.1.10)
(/Users/User/Library/TinyTeX/texmf-dist/tex/generic/pgf/systemlayer/pgfsys-common-pdf.def
File: pgfsys-common-pdf.def 2023-01-15 v3.1.10 (3.1.10)
))) (/Users/User/Library/TinyTeX/texmf-dist/tex/generic/pgf/systemlayer/pgfsyssoftpath.code.tex
File: pgfsyssoftpath.code.tex 2023-01-15 v3.1.10 (3.1.10)
\pgfsyssoftpath@smallbuffer@items=\count310
\pgfsyssoftpath@bigbuffer@items=\count311
) (/Users/User/Library/TinyTeX/texmf-dist/tex/generic/pgf/systemlayer/pgfsysprotocol.code.tex
File: pgfsysprotocol.code.tex 2023-01-15 v3.1.10 (3.1.10)
)) (/Users/User/Library/TinyTeX/texmf-dist/tex/generic/pgf/basiclayer/pgfcore.code.tex
Package: pgfcore 2023-01-15 v3.1.10 (3.1.10)
(/Users/User/Library/TinyTeX/texmf-dist/tex/generic/pgf/math/pgfmath.code.tex (/Users/User/Library/TinyTeX/texmf-dist/tex/generic/pgf/math/pgfmathutil.code.tex) (/Users/User/Library/TinyTeX/texmf-dist/tex/generic/pgf/math/pgfmathparser.code.tex
\pgfmath@dimen=\dimen184
\pgfmath@count=\count312
\pgfmath@box=\box58
\pgfmath@toks=\toks38
\pgfmath@stack@operand=\toks39
\pgfmath@stack@operation=\toks40
) (/Users/User/Library/TinyTeX/texmf-dist/tex/generic/pgf/math/pgfmathfunctions.code.tex) (/Users/User/Library/TinyTeX/texmf-dist/tex/generic/pgf/math/pgfmathfunctions.basic.code.tex) (/Users/User/Library/TinyTeX/texmf-dist/tex/generic/pgf/math/pgfmathfunctions.trigonometric.code.tex) (/Users/User/Library/TinyTeX/texmf-dist/tex/generic/pgf/math/pgfmathfunctions.random.code.tex) (/Users/User/Library/TinyTeX/texmf-dist/tex/generic/pgf/math/pgfmathfunctions.comparison.code.tex) (/Users/User/Library/TinyTeX/texmf-dist/tex/generic/pgf/math/pgfmathfunctions.base.code.tex) (/Users/User/Library/TinyTeX/texmf-dist/tex/generic/pgf/math/pgfmathfunctions.round.code.tex) (/Users/User/Library/TinyTeX/texmf-dist/tex/generic/pgf/math/pgfmathfunctions.misc.code.tex) (/Users/User/Library/TinyTeX/texmf-dist/tex/generic/pgf/math/pgfmathfunctions.integerarithmetics.code.tex) (/Users/User/Library/TinyTeX/texmf-dist/tex/generic/pgf/math/pgfmathcalc.code.tex) (/Users/User/Library/TinyTeX/texmf-dist/tex/generic/pgf/math/pgfmathfloat.code.tex
\c@pgfmathroundto@lastzeros=\count313
)) (/Users/User/Library/TinyTeX/texmf-dist/tex/generic/pgf/math/pgfint.code.tex) (/Users/User/Library/TinyTeX/texmf-dist/tex/generic/pgf/basiclayer/pgfcorepoints.code.tex
File: pgfcorepoints.code.tex 2023-01-15 v3.1.10 (3.1.10)
\pgf@picminx=\dimen185
\pgf@picmaxx=\dimen186
\pgf@picminy=\dimen187
\pgf@picmaxy=\dimen188
\pgf@pathminx=\dimen189
\pgf@pathmaxx=\dimen190
\pgf@pathminy=\dimen191
\pgf@pathmaxy=\dimen192
\pgf@xx=\dimen193
\pgf@xy=\dimen194
\pgf@yx=\dimen195
\pgf@yy=\dimen196
\pgf@zx=\dimen197
\pgf@zy=\dimen198
) (/Users/User/Library/TinyTeX/texmf-dist/tex/generic/pgf/basiclayer/pgfcorepathconstruct.code.tex
File: pgfcorepathconstruct.code.tex 2023-01-15 v3.1.10 (3.1.10)
\pgf@path@lastx=\dimen199
\pgf@path@lasty=\dimen256
) (/Users/User/Library/TinyTeX/texmf-dist/tex/generic/pgf/basiclayer/pgfcorepathusage.code.tex
File: pgfcorepathusage.code.tex 2023-01-15 v3.1.10 (3.1.10)
\pgf@shorten@end@additional=\dimen257
\pgf@shorten@start@additional=\dimen258
) (/Users/User/Library/TinyTeX/texmf-dist/tex/generic/pgf/basiclayer/pgfcorescopes.code.tex
File: pgfcorescopes.code.tex 2023-01-15 v3.1.10 (3.1.10)
\pgfpic=\box59
\pgf@hbox=\box60
\pgf@layerbox@main=\box61
\pgf@picture@serial@count=\count314
) (/Users/User/Library/TinyTeX/texmf-dist/tex/generic/pgf/basiclayer/pgfcoregraphicstate.code.tex
File: pgfcoregraphicstate.code.tex 2023-01-15 v3.1.10 (3.1.10)
\pgflinewidth=\dimen259
) (/Users/User/Library/TinyTeX/texmf-dist/tex/generic/pgf/basiclayer/pgfcoretransformations.code.tex
File: pgfcoretransformations.code.tex 2023-01-15 v3.1.10 (3.1.10)
\pgf@pt@x=\dimen260
\pgf@pt@y=\dimen261
\pgf@pt@temp=\dimen262
) (/Users/User/Library/TinyTeX/texmf-dist/tex/generic/pgf/basiclayer/pgfcorequick.code.tex
File: pgfcorequick.code.tex 2023-01-15 v3.1.10 (3.1.10)
) (/Users/User/Library/TinyTeX/texmf-dist/tex/generic/pgf/basiclayer/pgfcoreobjects.code.tex
File: pgfcoreobjects.code.tex 2023-01-15 v3.1.10 (3.1.10)
) (/Users/User/Library/TinyTeX/texmf-dist/tex/generic/pgf/basiclayer/pgfcorepathprocessing.code.tex
File: pgfcorepathprocessing.code.tex 2023-01-15 v3.1.10 (3.1.10)
) (/Users/User/Library/TinyTeX/texmf-dist/tex/generic/pgf/basiclayer/pgfcorearrows.code.tex
File: pgfcorearrows.code.tex 2023-01-15 v3.1.10 (3.1.10)
\pgfarrowsep=\dimen263
) (/Users/User/Library/TinyTeX/texmf-dist/tex/generic/pgf/basiclayer/pgfcoreshade.code.tex
File: pgfcoreshade.code.tex 2023-01-15 v3.1.10 (3.1.10)
\pgf@max=\dimen264
\pgf@sys@shading@range@num=\count315
\pgf@shadingcount=\count316
) (/Users/User/Library/TinyTeX/texmf-dist/tex/generic/pgf/basiclayer/pgfcoreimage.code.tex
File: pgfcoreimage.code.tex 2023-01-15 v3.1.10 (3.1.10)
) (/Users/User/Library/TinyTeX/texmf-dist/tex/generic/pgf/basiclayer/pgfcoreexternal.code.tex
File: pgfcoreexternal.code.tex 2023-01-15 v3.1.10 (3.1.10)
\pgfexternal@startupbox=\box62
) (/Users/User/Library/TinyTeX/texmf-dist/tex/generic/pgf/basiclayer/pgfcorelayers.code.tex
File: pgfcorelayers.code.tex 2023-01-15 v3.1.10 (3.1.10)
) (/Users/User/Library/TinyTeX/texmf-dist/tex/generic/pgf/basiclayer/pgfcoretransparency.code.tex
File: pgfcoretransparency.code.tex 2023-01-15 v3.1.10 (3.1.10)
) (/Users/User/Library/TinyTeX/texmf-dist/tex/generic/pgf/basiclayer/pgfcorepatterns.code.tex
File: pgfcorepatterns.code.tex 2023-01-15 v3.1.10 (3.1.10)
) (/Users/User/Library/TinyTeX/texmf-dist/tex/generic/pgf/basiclayer/pgfcorerdf.code.tex
File: pgfcorerdf.code.tex 2023-01-15 v3.1.10 (3.1.10)
))) (/Users/User/Library/TinyTeX/texmf-dist/tex/generic/pgf/modules/pgfmoduleshapes.code.tex
File: pgfmoduleshapes.code.tex 2023-01-15 v3.1.10 (3.1.10)
\pgfnodeparttextbox=\box63
) (/Users/User/Library/TinyTeX/texmf-dist/tex/generic/pgf/modules/pgfmoduleplot.code.tex
File: pgfmoduleplot.code.tex 2023-01-15 v3.1.10 (3.1.10)
) (/Users/User/Library/TinyTeX/texmf-dist/tex/latex/pgf/compatibility/pgfcomp-version-0-65.sty
Package: pgfcomp-version-0-65 2023-01-15 v3.1.10 (3.1.10)
\pgf@nodesepstart=\dimen265
\pgf@nodesepend=\dimen266
) (/Users/User/Library/TinyTeX/texmf-dist/tex/latex/pgf/compatibility/pgfcomp-version-1-18.sty
Package: pgfcomp-version-1-18 2023-01-15 v3.1.10 (3.1.10)
)) (/Users/User/Library/TinyTeX/texmf-dist/tex/latex/pgf/utilities/pgffor.sty (/Users/User/Library/TinyTeX/texmf-dist/tex/latex/pgf/utilities/pgfkeys.sty (/Users/User/Library/TinyTeX/texmf-dist/tex/generic/pgf/utilities/pgfkeys.code.tex)) (/Users/User/Library/TinyTeX/texmf-dist/tex/latex/pgf/math/pgfmath.sty (/Users/User/Library/TinyTeX/texmf-dist/tex/generic/pgf/math/pgfmath.code.tex)) (/Users/User/Library/TinyTeX/texmf-dist/tex/generic/pgf/utilities/pgffor.code.tex
Package: pgffor 2023-01-15 v3.1.10 (3.1.10)
\pgffor@iter=\dimen267
\pgffor@skip=\dimen268
\pgffor@stack=\toks41
\pgffor@toks=\toks42
)) (/Users/User/Library/TinyTeX/texmf-dist/tex/generic/pgf/frontendlayer/tikz/tikz.code.tex
Package: tikz 2023-01-15 v3.1.10 (3.1.10)
(/Users/User/Library/TinyTeX/texmf-dist/tex/generic/pgf/libraries/pgflibraryplothandlers.code.tex
File: pgflibraryplothandlers.code.tex 2023-01-15 v3.1.10 (3.1.10)
\pgf@plot@mark@count=\count317
\pgfplotmarksize=\dimen269
)
\tikz@lastx=\dimen270
\tikz@lasty=\dimen271
\tikz@lastxsaved=\dimen272
\tikz@lastysaved=\dimen273
\tikz@lastmovetox=\dimen274
\tikz@lastmovetoy=\dimen275
\tikzleveldistance=\dimen276
\tikzsiblingdistance=\dimen277
\tikz@figbox=\box64
\tikz@figbox@bg=\box65
\tikz@tempbox=\box66
\tikz@tempbox@bg=\box67
\tikztreelevel=\count318
\tikznumberofchildren=\count319
\tikznumberofcurrentchild=\count320
\tikz@fig@count=\count321
(/Users/User/Library/TinyTeX/texmf-dist/tex/generic/pgf/modules/pgfmodulematrix.code.tex
File: pgfmodulematrix.code.tex 2023-01-15 v3.1.10 (3.1.10)
\pgfmatrixcurrentrow=\count322
\pgfmatrixcurrentcolumn=\count323
\pgf@matrix@numberofcolumns=\count324
)
\tikz@expandcount=\count325
(/Users/User/Library/TinyTeX/texmf-dist/tex/generic/pgf/frontendlayer/tikz/libraries/tikzlibrarytopaths.code.tex
File: tikzlibrarytopaths.code.tex 2023-01-15 v3.1.10 (3.1.10)
))) (/Users/User/Library/TinyTeX/texmf-dist/tex/generic/pgf/frontendlayer/tikz/libraries/tikzlibrarypositioning.code.tex
File: tikzlibrarypositioning.code.tex 2023-01-15 v3.1.10 (3.1.10)
)
\c@@todonotes@numberoftodonotes=\count326
) (/Users/User/Library/TinyTeX/texmf-dist/tex/latex/geometry/geometry.sty
Package: geometry 2020/01/02 v5.9 Page Geometry
(/Users/User/Library/TinyTeX/texmf-dist/tex/generic/iftex/ifvtex.sty
Package: ifvtex 2019/10/25 v1.7 ifvtex legacy package. Use iftex instead.
(/Users/User/Library/TinyTeX/texmf-dist/tex/generic/iftex/iftex.sty
Package: iftex 2024/12/12 v1.0g TeX engine tests
))
\Gm@cnth=\count327
\Gm@cntv=\count328
\c@Gm@tempcnt=\count329
\Gm@bindingoffset=\dimen278
\Gm@wd@mp=\dimen279
\Gm@odd@mp=\dimen280
\Gm@even@mp=\dimen281
\Gm@layoutwidth=\dimen282
\Gm@layoutheight=\dimen283
\Gm@layouthoffset=\dimen284
\Gm@layoutvoffset=\dimen285
\Gm@dimlist=\toks43
) (/Users/User/Library/TinyTeX/texmf-dist/tex/latex/titlesec/titlesec.sty
Package: titlesec 2025/01/04 v2.17 Sectioning titles
\ttl@box=\box68
\beforetitleunit=\skip77
\aftertitleunit=\skip78
\ttl@plus=\dimen286
\ttl@minus=\dimen287
\ttl@toksa=\toks44
\titlewidth=\dimen288
\titlewidthlast=\dimen289
\titlewidthfirst=\dimen290
)) (/Users/User/Library/TinyTeX/texmf-dist/tex/latex/hyperref/hyperref.sty
Package: hyperref 2024-11-05 v7.01l Hypertext links for LaTeX
(/Users/User/Library/TinyTeX/texmf-dist/tex/latex/kvsetkeys/kvsetkeys.sty
Package: kvsetkeys 2022-10-05 v1.19 Key value parser (HO)
) (/Users/User/Library/TinyTeX/texmf-dist/tex/generic/kvdefinekeys/kvdefinekeys.sty
Package: kvdefinekeys 2019-12-19 v1.6 Define keys (HO)
) (/Users/User/Library/TinyTeX/texmf-dist/tex/generic/pdfescape/pdfescape.sty
Package: pdfescape 2019/12/09 v1.15 Implements pdfTeX's escape features (HO)
(/Users/User/Library/TinyTeX/texmf-dist/tex/generic/ltxcmds/ltxcmds.sty
Package: ltxcmds 2023-12-04 v1.26 LaTeX kernel commands for general use (HO)
) (/Users/User/Library/TinyTeX/texmf-dist/tex/generic/pdftexcmds/pdftexcmds.sty
Package: pdftexcmds 2020-06-27 v0.33 Utility functions of pdfTeX for LuaTeX (HO)
(/Users/User/Library/TinyTeX/texmf-dist/tex/generic/infwarerr/infwarerr.sty
Package: infwarerr 2019/12/03 v1.5 Providing info/warning/error messages (HO)
)
Package pdftexcmds Info: \pdf@primitive is available.
Package pdftexcmds Info: \pdf@ifprimitive is available.
Package pdftexcmds Info: \pdfdraftmode found.
)) (/Users/User/Library/TinyTeX/texmf-dist/tex/latex/hycolor/hycolor.sty
Package: hycolor 2020-01-27 v1.10 Color options for hyperref/bookmark (HO)
) (/Users/User/Library/TinyTeX/texmf-dist/tex/latex/hyperref/nameref.sty
Package: nameref 2023-11-26 v2.56 Cross-referencing by name of section
(/Users/User/Library/TinyTeX/texmf-dist/tex/latex/refcount/refcount.sty
Package: refcount 2019/12/15 v3.6 Data extraction from label references (HO)
) (/Users/User/Library/TinyTeX/texmf-dist/tex/generic/gettitlestring/gettitlestring.sty
Package: gettitlestring 2019/12/15 v1.6 Cleanup title references (HO)
(/Users/User/Library/TinyTeX/texmf-dist/tex/latex/kvoptions/kvoptions.sty
Package: kvoptions 2022-06-15 v3.15 Key value format for package options (HO)
))
\c@section@level=\count330
) (/Users/User/Library/TinyTeX/texmf-dist/tex/latex/etoolbox/etoolbox.sty
Package: etoolbox 2025/02/11 v2.5l e-TeX tools for LaTeX (JAW)
\etb@tempcnta=\count331
) (/Users/User/Library/TinyTeX/texmf-dist/tex/generic/stringenc/stringenc.sty
Package: stringenc 2019/11/29 v1.12 Convert strings between diff. encodings (HO)
)
\@linkdim=\dimen291
\Hy@linkcounter=\count332
\Hy@pagecounter=\count333
(/Users/User/Library/TinyTeX/texmf-dist/tex/latex/hyperref/pd1enc.def
File: pd1enc.def 2024-11-05 v7.01l Hyperref: PDFDocEncoding definition (HO)
Now handling font encoding PD1 ...
... no UTF-8 mapping file for font encoding PD1
) (/Users/User/Library/TinyTeX/texmf-dist/tex/generic/intcalc/intcalc.sty
Package: intcalc 2019/12/15 v1.3 Expandable calculations with integers (HO)
)
\Hy@SavedSpaceFactor=\count334
(/Users/User/Library/TinyTeX/texmf-dist/tex/latex/hyperref/puenc.def
File: puenc.def 2024-11-05 v7.01l Hyperref: PDF Unicode definition (HO)
Now handling font encoding PU ...
... no UTF-8 mapping file for font encoding PU
)
Package hyperref Info: Hyper figures OFF on input line 4157.
Package hyperref Info: Link nesting OFF on input line 4162.
Package hyperref Info: Hyper index ON on input line 4165.
Package hyperref Info: Plain pages OFF on input line 4172.
Package hyperref Info: Backreferencing OFF on input line 4177.
Package hyperref Info: Implicit mode ON; LaTeX internals redefined.
Package hyperref Info: Bookmarks ON on input line 4424.
\c@Hy@tempcnt=\count335
(/Users/User/Library/TinyTeX/texmf-dist/tex/latex/url/url.sty
\Urlmuskip=\muskip18
Package: url 2013/09/16  ver 3.4  Verb mode for urls, etc.
)
LaTeX Info: Redefining \url on input line 4763.
\XeTeXLinkMargin=\dimen292
(/Users/User/Library/TinyTeX/texmf-dist/tex/generic/bitset/bitset.sty
Package: bitset 2019/12/09 v1.3 Handle bit-vector datatype (HO)
(/Users/User/Library/TinyTeX/texmf-dist/tex/generic/bigintcalc/bigintcalc.sty
Package: bigintcalc 2019/12/15 v1.5 Expandable calculations on big integers (HO)
))
\Fld@menulength=\count336
\Field@Width=\dimen293
\Fld@charsize=\dimen294
Package hyperref Info: Hyper figures OFF on input line 6042.
Package hyperref Info: Link nesting OFF on input line 6047.
Package hyperref Info: Hyper index ON on input line 6050.
Package hyperref Info: backreferencing OFF on input line 6057.
Package hyperref Info: Link coloring OFF on input line 6062.
Package hyperref Info: Link coloring with OCG OFF on input line 6067.
Package hyperref Info: PDF/A mode OFF on input line 6072.
(/Users/User/Library/TinyTeX/texmf-dist/tex/latex/base/atbegshi-ltx.sty
Package: atbegshi-ltx 2021/01/10 v1.0c Emulation of the original atbegshi
package with kernel methods
)
\Hy@abspage=\count337
\c@Item=\count338
\c@Hfootnote=\count339
)
Package hyperref Info: Driver (autodetected): hpdftex.
(/Users/User/Library/TinyTeX/texmf-dist/tex/latex/hyperref/hpdftex.def
File: hpdftex.def 2024-11-05 v7.01l Hyperref driver for pdfTeX
(/Users/User/Library/TinyTeX/texmf-dist/tex/latex/base/atveryend-ltx.sty
Package: atveryend-ltx 2020/08/19 v1.0a Emulation of the original atveryend package
with kernel methods
)
\Fld@listcount=\count340
\c@bookmark@seq@number=\count341
(/Users/User/Library/TinyTeX/texmf-dist/tex/latex/rerunfilecheck/rerunfilecheck.sty
Package: rerunfilecheck 2022-07-10 v1.10 Rerun checks for auxiliary files (HO)
(/Users/User/Library/TinyTeX/texmf-dist/tex/generic/uniquecounter/uniquecounter.sty
Package: uniquecounter 2019/12/15 v1.4 Provide unlimited unique counter (HO)
)
Package uniquecounter Info: New unique counter `rerunfilecheck' on input line 285.
)
\Hy@SectionHShift=\skip79
) (/Users/User/Library/TinyTeX/texmf-dist/tex/latex/natbib/natbib.sty
Package: natbib 2010/09/13 8.31b (PWD, AO)
\bibhang=\skip80
\bibsep=\skip81
LaTeX Info: Redefining \cite on input line 694.
\c@NAT@ctr=\count342
) (/Users/User/Library/TinyTeX/texmf-dist/tex/latex/fancyvrb/fancyvrb.sty
Package: fancyvrb 2024/01/20 4.5c verbatim text (tvz,hv)
\FV@CodeLineNo=\count343
\FV@InFile=\read4
\FV@TabBox=\box69
\c@FancyVerbLine=\count344
\FV@StepNumber=\count345
\FV@OutFile=\write4
) (/Users/User/Library/TinyTeX/texmf-dist/tex/latex/framed/framed.sty
Package: framed 2011/10/22 v 0.96: framed or shaded text with page breaks
\OuterFrameSep=\skip82
\fb@frw=\dimen295
\fb@frh=\dimen296
\FrameRule=\dimen297
\FrameSep=\dimen298
)
Package hyperref Info: Option `unicode' set `true' on input line 77.
Package hyperref Info: Option `breaklinks' set `true' on input line 77.
(/Users/User/Library/TinyTeX/texmf-dist/tex/latex/float/float.sty
Package: float 2001/11/08 v1.3d Float enhancements (AL)
\c@float@type=\count346
\float@exts=\toks45
\float@box=\box70
\@float@everytoks=\toks46
\@floatcapt=\box71
) (/Users/User/Library/TinyTeX/texmf-dist/tex/latex/booktabs/booktabs.sty
Package: booktabs 2020/01/12 v1.61803398 Publication quality tables
\heavyrulewidth=\dimen299
\lightrulewidth=\dimen300
\cmidrulewidth=\dimen301
\belowrulesep=\dimen302
\belowbottomsep=\dimen303
\aboverulesep=\dimen304
\abovetopsep=\dimen305
\cmidrulesep=\dimen306
\cmidrulekern=\dimen307
\defaultaddspace=\dimen308
\@cmidla=\count347
\@cmidlb=\count348
\@aboverulesep=\dimen309
\@belowrulesep=\dimen310
\@thisruleclass=\count349
\@lastruleclass=\count350
\@thisrulewidth=\dimen311
) (/Users/User/Library/TinyTeX/texmf-dist/tex/latex/tools/longtable.sty
Package: longtable 2024-10-27 v4.22 Multi-page Table package (DPC)
\LTleft=\skip83
\LTright=\skip84
\LTpre=\skip85
\LTpost=\skip86
\LTchunksize=\count351
\LTcapwidth=\dimen312
\LT@head=\box72
\LT@firsthead=\box73
\LT@foot=\box74
\LT@lastfoot=\box75
\LT@gbox=\box76
\LT@cols=\count352
\LT@rows=\count353
\c@LT@tables=\count354
\c@LT@chunks=\count355
\LT@p@ftn=\toks47
) (/Users/User/Library/TinyTeX/texmf-dist/tex/latex/multirow/multirow.sty
Package: multirow 2024/11/12 v2.9 Span multiple rows of a table
\multirow@colwidth=\skip87
\multirow@cntb=\count356
\multirow@dima=\skip88
\bigstrutjot=\dimen313
) (/Users/User/Library/TinyTeX/texmf-dist/tex/latex/wrapfig/wrapfig.sty
\wrapoverhang=\dimen314
\WF@size=\dimen315
\c@WF@wrappedlines=\count357
\WF@box=\box77
\WF@everypar=\toks48
Package: wrapfig 2003/01/31  v 3.6
) (/Users/User/Library/TinyTeX/texmf-dist/tex/latex/pdflscape/pdflscape.sty
Package: pdflscape 2022-10-27 v0.13 Display of landscape pages in PDF
(/Users/User/Library/TinyTeX/texmf-dist/tex/latex/pdflscape/pdflscape-nometadata.sty
Package: pdflscape-nometadata 2022-10-28 v0.13 Display of landscape pages in PDF (HO)
(/Users/User/Library/TinyTeX/texmf-dist/tex/latex/graphics/lscape.sty
Package: lscape 2020/05/28 v3.02 Landscape Pages (DPC)
)
Package pdflscape Info: Auto-detected driver: pdftex on input line 81.
)) (/Users/User/Library/TinyTeX/texmf-dist/tex/latex/tabu/tabu.sty
Package: tabu 2019/01/11 v2.9 - flexible LaTeX tabulars (FC+tabu-fixed)
(/Users/User/Library/TinyTeX/texmf-dist/tex/latex/varwidth/varwidth.sty
Package: varwidth 2009/03/30 ver 0.92;  Variable-width minipages
\@vwid@box=\box78
\sift@deathcycles=\count358
\@vwid@loff=\dimen316
\@vwid@roff=\dimen317
)
\c@taburow=\count359
\tabu@nbcols=\count360
\tabu@cnt=\count361
\tabu@Xcol=\count362
\tabu@alloc=\count363
\tabu@nested=\count364
\tabu@target=\dimen318
\tabu@spreadtarget=\dimen319
\tabu@naturalX=\dimen320
\tabucolX=\dimen321
\tabu@Xsum=\dimen322
\extrarowdepth=\dimen323
\abovetabulinesep=\dimen324
\belowtabulinesep=\dimen325
\tabustrutrule=\dimen326
\tabu@thebody=\toks49
\tabu@footnotes=\toks50
\tabu@box=\box79
\tabu@arstrutbox=\box80
\tabu@hleads=\box81
\tabu@vleads=\box82
\tabu@cellskip=\skip89
) (/Users/User/Library/TinyTeX/texmf-dist/tex/latex/threeparttable/threeparttable.sty
Package: threeparttable 2003/06/13  v 3.0
\@tempboxb=\box83
) (/Users/User/Library/TinyTeX/texmf-dist/tex/latex/threeparttablex/threeparttablex.sty
Package: threeparttablex 2013/07/23 v0.3 by daleif
(/Users/User/Library/TinyTeX/texmf-dist/tex/latex/environ/environ.sty
Package: environ 2014/05/04 v0.3 A new way to define environments
(/Users/User/Library/TinyTeX/texmf-dist/tex/latex/trimspaces/trimspaces.sty
Package: trimspaces 2009/09/17 v1.1 Trim spaces around a token list
))
\TPTL@width=\skip90
) (/Users/User/Library/TinyTeX/texmf-dist/tex/generic/ulem/ulem.sty
\UL@box=\box84
\UL@hyphenbox=\box85
\UL@skip=\skip91
\UL@hook=\toks51
\UL@height=\dimen327
\UL@pe=\count365
\UL@pixel=\dimen328
\ULC@box=\box86
Package: ulem 2019/11/18
\ULdepth=\dimen329
) (/Users/User/Library/TinyTeX/texmf-dist/tex/latex/makecell/makecell.sty
Package: makecell 2009/08/03 V0.1e Managing of Tab Column Heads and Cells
\rotheadsize=\dimen330
\c@nlinenum=\count366
\TeXr@lab=\toks52
) (/Users/User/Library/TinyTeX/texmf-dist/tex/latex/l3backend/l3backend-pdftex.def
File: l3backend-pdftex.def 2025-04-14 L3 backend support: PDF output (pdfTeX)
\l__color_backend_stack_int=\count367
) (./Subcellular_proteomics_workflow.aux)
\openout1 = `Subcellular_proteomics_workflow.aux'.

LaTeX Font Info:    Checking defaults for OML/cmm/m/it on input line 100.
LaTeX Font Info:    ... okay on input line 100.
LaTeX Font Info:    Checking defaults for OMS/cmsy/m/n on input line 100.
LaTeX Font Info:    ... okay on input line 100.
LaTeX Font Info:    Checking defaults for OT1/cmr/m/n on input line 100.
LaTeX Font Info:    ... okay on input line 100.
LaTeX Font Info:    Checking defaults for T1/cmr/m/n on input line 100.
LaTeX Font Info:    ... okay on input line 100.
LaTeX Font Info:    Checking defaults for TS1/cmr/m/n on input line 100.
LaTeX Font Info:    ... okay on input line 100.
LaTeX Font Info:    Checking defaults for OMX/cmex/m/n on input line 100.
LaTeX Font Info:    ... okay on input line 100.
LaTeX Font Info:    Checking defaults for U/cmr/m/n on input line 100.
LaTeX Font Info:    ... okay on input line 100.
LaTeX Font Info:    Checking defaults for MDA/cmr/m/n on input line 100.
LaTeX Font Info:    Trying to load font information for MDA+cmr on input line 100.
(/Users/User/Library/TinyTeX/texmf-dist/tex/latex/mathdesign/mdacmr.fd
File: mdacmr.fd 
)
LaTeX Font Info:    ... okay on input line 100.
LaTeX Font Info:    Checking defaults for MDB/cmr/m/n on input line 100.
LaTeX Font Info:    Trying to load font information for MDB+cmr on input line 100.
(/Users/User/Library/TinyTeX/texmf-dist/tex/latex/mathdesign/mdbcmr.fd
File: mdbcmr.fd 
)
LaTeX Font Info:    ... okay on input line 100.
LaTeX Font Info:    Checking defaults for PD1/pdf/m/n on input line 100.
LaTeX Font Info:    ... okay on input line 100.
LaTeX Font Info:    Checking defaults for PU/pdf/m/n on input line 100.
LaTeX Font Info:    ... okay on input line 100.
(/Users/User/Library/TinyTeX/texmf-dist/tex/latex/epstopdf-pkg/epstopdf-base.sty
Package: epstopdf-base 2020-01-24 v2.11 Base part for package epstopdf
Package epstopdf-base Info: Redefining graphics rule for `.eps' on input line 485.
(/Users/User/Library/TinyTeX/texmf-dist/tex/latex/latexconfig/epstopdf-sys.cfg
File: epstopdf-sys.cfg 2010/07/13 v1.3 Configuration of (r)epstopdf for TeX Live
))
Package caption Info: Begin \AtBeginDocument code.
Package caption Info: float package is loaded.
Package caption Info: hyperref package is loaded.
Package caption Info: longtable package is loaded.
(/Users/User/Library/TinyTeX/texmf-dist/tex/latex/caption/ltcaption.sty
Package: ltcaption 2021/01/08 v1.4c longtable captions (AR)
)
Package caption Info: threeparttable package is loaded.
Package caption Info: wrapfig package is loaded.
Package caption Info: End \AtBeginDocument code.
*geometry* driver: auto-detecting
*geometry* detected driver: pdftex
*geometry* verbose mode - [ preamble ] result:
* driver: pdftex
* paper: a4paper
* layout: <same size as paper>
* layoutoffset:(h,v)=(0.0pt,0.0pt)
* modes: 
* h-part:(L,W,R)=(51.21504pt, 495.07779pt, 51.21504pt)
* v-part:(T,H,B)=(62.59596pt, 719.85492pt, 62.59596pt)
* \paperwidth=597.50787pt
* \paperheight=845.04684pt
* \textwidth=495.07779pt
* \textheight=719.85492pt
* \oddsidemargin=-21.05495pt
* \evensidemargin=-21.05495pt
* \topmargin=-46.67403pt
* \headheight=12.0pt
* \headsep=25.0pt
* \topskip=9.0pt
* \footskip=30.0pt
* \marginparwidth=65.0pt
* \marginparsep=10.0pt
* \columnsep=18.06749pt
* \skip\footins=8.0pt plus 4.0pt minus 2.0pt
* \hoffset=0.0pt
* \voffset=0.0pt
* \mag=1000
* \@twocolumnfalse
* \@twosidefalse
* \@mparswitchfalse
* \@reversemarginfalse
* (1in=72.27pt=25.4mm, 1cm=28.453pt)

Package hyperref Info: Link coloring OFF on input line 100.
(./Subcellular_proteomics_workflow.out) (./Subcellular_proteomics_workflow.out)
\@outlinefile=\write5
\openout5 = `Subcellular_proteomics_workflow.out'.

*geometry* verbose mode - [ newgeometry ] result:
* driver: pdftex
* paper: a4paper
* layout: <same size as paper>
* layoutoffset:(h,v)=(0.0pt,0.0pt)
* modes: 
* h-part:(L,W,R)=(51.21504pt, 495.07779pt, 51.21504pt)
* v-part:(T,H,B)=(62.59596pt, 719.85492pt, 62.59596pt)
* \paperwidth=597.50787pt
* \paperheight=845.04684pt
* \textwidth=495.07779pt
* \textheight=719.85492pt
* \oddsidemargin=-21.05495pt
* \evensidemargin=-21.05495pt
* \topmargin=-46.67403pt
* \headheight=12.0pt
* \headsep=25.0pt
* \topskip=9.0pt
* \footskip=30.0pt
* \marginparwidth=65.0pt
* \marginparsep=10.0pt
* \columnsep=18.06749pt
* \skip\footins=8.0pt plus 4.0pt minus 2.0pt
* \hoffset=0.0pt
* \voffset=0.0pt
* \mag=1000
* \@twocolumnfalse
* \@twosidefalse
* \@mparswitchfalse
* \@reversemarginfalse
* (1in=72.27pt=25.4mm, 1cm=28.453pt)

LaTeX Font Info:    Font shape `OT1/phv/b/n' will be
(Font)              scaled to size 17.65991pt on input line 117.
LaTeX Font Info:    Font shape `OT1/phv/b/n' will be
(Font)              scaled to size 7.06396pt on input line 117.
LaTeX Font Info:    Font shape `OT1/phv/b/n' will be
(Font)              scaled to size 14.12793pt on input line 117.
LaTeX Font Info:    Calculating math sizes for size <16> on input line 117.
LaTeX Font Info:    Trying to load font information for OT1+mdbch on input line 117.
(/Users/User/Library/TinyTeX/texmf-dist/tex/latex/mathdesign/mdbch/ot1mdbch.fd
File: ot1mdbch.fd 2013/08/29 Fontinst v1.933 font definitions for OT1/mdbch.
)
LaTeX Font Info:    Font shape `OT1/mdbch/m/n' will be
(Font)              scaled to size 15.3601pt on input line 117.
LaTeX Font Info:    Font shape `OT1/mdbch/m/n' will be
(Font)              scaled to size 10.75201pt on input line 117.
LaTeX Font Info:    Font shape `OT1/mdbch/m/n' will be
(Font)              scaled to size 7.68005pt on input line 117.
LaTeX Font Info:    Trying to load font information for OML+mdbch on input line 117.
(/Users/User/Library/TinyTeX/texmf-dist/tex/latex/mathdesign/mdbch/omlmdbch.fd
File: omlmdbch.fd 2013/08/29 Fontinst v1.933 font definitions for OML/mdbch.
)
LaTeX Font Info:    Font shape `OML/mdbch/m/it' will be
(Font)              scaled to size 15.3601pt on input line 117.
LaTeX Font Info:    Font shape `OML/mdbch/m/it' will be
(Font)              scaled to size 10.75201pt on input line 117.
LaTeX Font Info:    Font shape `OML/mdbch/m/it' will be
(Font)              scaled to size 7.68005pt on input line 117.
LaTeX Font Info:    Trying to load font information for OMS+mdbch on input line 117.
(/Users/User/Library/TinyTeX/texmf-dist/tex/latex/mathdesign/mdbch/omsmdbch.fd
File: omsmdbch.fd 2013/08/29 Fontinst v1.933 font definitions for OMS/mdbch.
)
LaTeX Font Info:    Font shape `OMS/mdbch/m/n' will be
(Font)              scaled to size 15.3601pt on input line 117.
LaTeX Font Info:    Font shape `OMS/mdbch/m/n' will be
(Font)              scaled to size 10.75201pt on input line 117.
LaTeX Font Info:    Font shape `OMS/mdbch/m/n' will be
(Font)              scaled to size 7.68005pt on input line 117.
LaTeX Font Info:    Trying to load font information for OMX+mdbch on input line 117.
(/Users/User/Library/TinyTeX/texmf-dist/tex/latex/mathdesign/mdbch/omxmdbch.fd
File: omxmdbch.fd 2013/08/29 Fontinst v1.933 font definitions for OMX/mdbch.
)
LaTeX Font Info:    Font shape `OMX/mdbch/m/n' will be
(Font)              scaled to size 15.3601pt on input line 117.
LaTeX Font Info:    Font shape `OMX/mdbch/m/n' will be
(Font)              scaled to size 10.75201pt on input line 117.
LaTeX Font Info:    Font shape `OMX/mdbch/m/n' will be
(Font)              scaled to size 7.68005pt on input line 117.
LaTeX Font Info:    Font shape `OML/mdbch/m/n' will be
(Font)              scaled to size 15.3601pt on input line 117.
LaTeX Font Info:    Font shape `OML/mdbch/m/n' will be
(Font)              scaled to size 10.75201pt on input line 117.
LaTeX Font Info:    Font shape `OML/mdbch/m/n' will be
(Font)              scaled to size 7.68005pt on input line 117.
LaTeX Font Info:    Trying to load font information for MDA+mdbch on input line 117.
(/Users/User/Library/TinyTeX/texmf-dist/tex/latex/mathdesign/mdbch/mdamdbch.fd
File: mdamdbch.fd 2013/08/29 Fontinst v1.933 font definitions for MDA/mdbch.
)
LaTeX Font Info:    Font shape `MDA/mdbch/m/n' will be
(Font)              scaled to size 15.3601pt on input line 117.
LaTeX Font Info:    Font shape `MDA/mdbch/m/n' will be
(Font)              scaled to size 10.75201pt on input line 117.
LaTeX Font Info:    Font shape `MDA/mdbch/m/n' will be
(Font)              scaled to size 7.68005pt on input line 117.
LaTeX Font Info:    Trying to load font information for MDB+mdbch on input line 117.
(/Users/User/Library/TinyTeX/texmf-dist/tex/latex/mathdesign/mdbch/mdbmdbch.fd
File: mdbmdbch.fd 2013/08/29 Fontinst v1.933 font definitions for MDB/mdbch.
)
LaTeX Font Info:    Font shape `MDB/mdbch/m/n' will be
(Font)              scaled to size 15.3601pt on input line 117.
LaTeX Font Info:    Font shape `MDB/mdbch/m/n' will be
(Font)              scaled to size 10.75201pt on input line 117.
LaTeX Font Info:    Font shape `MDB/mdbch/m/n' will be
(Font)              scaled to size 7.68005pt on input line 117.
LaTeX Font Info:    Font shape `OT1/phv/b/n' will be
(Font)              scaled to size 9.8895pt on input line 117.
LaTeX Font Info:    Font shape `T1/mdbch/m/n' will be
(Font)              scaled to size 10.75201pt on input line 117.
LaTeX Font Info:    Font shape `OT1/phv/b/n' will be
(Font)              scaled to size 8.82996pt on input line 117.
LaTeX Font Info:    Font shape `OT1/mdbch/m/n' will be
(Font)              scaled to size 9.60007pt on input line 117.
LaTeX Font Info:    Font shape `OT1/mdbch/m/n' will be
(Font)              scaled to size 6.72005pt on input line 117.
LaTeX Font Info:    Font shape `OT1/mdbch/m/n' will be
(Font)              scaled to size 4.80003pt on input line 117.
LaTeX Font Info:    Font shape `OML/mdbch/m/it' will be
(Font)              scaled to size 9.60007pt on input line 117.
LaTeX Font Info:    Font shape `OML/mdbch/m/it' will be
(Font)              scaled to size 6.72005pt on input line 117.
LaTeX Font Info:    Font shape `OML/mdbch/m/it' will be
(Font)              scaled to size 4.80003pt on input line 117.
LaTeX Font Info:    Font shape `OMS/mdbch/m/n' will be
(Font)              scaled to size 9.60007pt on input line 117.
LaTeX Font Info:    Font shape `OMS/mdbch/m/n' will be
(Font)              scaled to size 6.72005pt on input line 117.
LaTeX Font Info:    Font shape `OMS/mdbch/m/n' will be
(Font)              scaled to size 4.80003pt on input line 117.
LaTeX Font Info:    Font shape `OMX/mdbch/m/n' will be
(Font)              scaled to size 9.60007pt on input line 117.
LaTeX Font Info:    Font shape `OMX/mdbch/m/n' will be
(Font)              scaled to size 6.72005pt on input line 117.
LaTeX Font Info:    Font shape `OMX/mdbch/m/n' will be
(Font)              scaled to size 4.80003pt on input line 117.
LaTeX Font Info:    Font shape `OML/mdbch/m/n' will be
(Font)              scaled to size 9.60007pt on input line 117.
LaTeX Font Info:    Font shape `OML/mdbch/m/n' will be
(Font)              scaled to size 6.72005pt on input line 117.
LaTeX Font Info:    Font shape `OML/mdbch/m/n' will be
(Font)              scaled to size 4.80003pt on input line 117.
LaTeX Font Info:    Font shape `MDA/mdbch/m/n' will be
(Font)              scaled to size 9.60007pt on input line 117.
LaTeX Font Info:    Font shape `MDA/mdbch/m/n' will be
(Font)              scaled to size 6.72005pt on input line 117.
LaTeX Font Info:    Font shape `MDA/mdbch/m/n' will be
(Font)              scaled to size 4.80003pt on input line 117.
LaTeX Font Info:    Font shape `MDB/mdbch/m/n' will be
(Font)              scaled to size 9.60007pt on input line 117.
LaTeX Font Info:    Font shape `MDB/mdbch/m/n' will be
(Font)              scaled to size 6.72005pt on input line 117.
LaTeX Font Info:    Font shape `MDB/mdbch/m/n' will be
(Font)              scaled to size 4.80003pt on input line 117.
LaTeX Font Info:    Font shape `OT1/phv/b/n' will be
(Font)              scaled to size 6.18097pt on input line 117.
LaTeX Font Info:    Font shape `T1/mdbch/m/n' will be
(Font)              scaled to size 6.72005pt on input line 117.

Underfull \hbox (badness 2103) in paragraph at lines 117--117
[]\OT1/phv/b/n/16 Charlotte Hutchings$[]$, Thomas Krueger$[]$, Oliver Crook$[]$, Lau-rent
 []

LaTeX Font Info:    Font shape `OT1/mdbch/m/n' will be
(Font)              scaled to size 8.64006pt on input line 117.
LaTeX Font Info:    Font shape `OT1/mdbch/m/n' will be
(Font)              scaled to size 5.76004pt on input line 117.
LaTeX Font Info:    Font shape `OML/mdbch/m/it' will be
(Font)              scaled to size 8.64006pt on input line 117.
LaTeX Font Info:    Font shape `OML/mdbch/m/it' will be
(Font)              scaled to size 5.76004pt on input line 117.
LaTeX Font Info:    Font shape `OMS/mdbch/m/n' will be
(Font)              scaled to size 8.64006pt on input line 117.
LaTeX Font Info:    Font shape `OMS/mdbch/m/n' will be
(Font)              scaled to size 5.76004pt on input line 117.
LaTeX Font Info:    Font shape `OMX/mdbch/m/n' will be
(Font)              scaled to size 8.64006pt on input line 117.
LaTeX Font Info:    Font shape `OMX/mdbch/m/n' will be
(Font)              scaled to size 5.76004pt on input line 117.
LaTeX Font Info:    Font shape `OML/mdbch/m/n' will be
(Font)              scaled to size 8.64006pt on input line 117.
LaTeX Font Info:    Font shape `OML/mdbch/m/n' will be
(Font)              scaled to size 5.76004pt on input line 117.
LaTeX Font Info:    Font shape `MDA/mdbch/m/n' will be
(Font)              scaled to size 8.64006pt on input line 117.
LaTeX Font Info:    Font shape `MDA/mdbch/m/n' will be
(Font)              scaled to size 5.76004pt on input line 117.
LaTeX Font Info:    Font shape `MDB/mdbch/m/n' will be
(Font)              scaled to size 8.64006pt on input line 117.
LaTeX Font Info:    Font shape `MDB/mdbch/m/n' will be
(Font)              scaled to size 5.76004pt on input line 117.
LaTeX Font Info:    Font shape `OT1/phv/m/n' will be
(Font)              scaled to size 7.94696pt on input line 119.
LaTeX Font Info:    Font shape `OT1/phv/b/n' will be
(Font)              scaled to size 7.94696pt on input line 119.
LaTeX Font Info:    Font shape `T1/mdbch/m/n' will be
(Font)              scaled to size 10.51207pt on input line 148.
LaTeX Font Info:    Font shape `OT1/phv/b/n' will be
(Font)              scaled to size 9.6688pt on input line 148.


*geometry* verbose mode - [ newgeometry ] result:
* driver: pdftex
* paper: a4paper
* layout: <same size as paper>
* layoutoffset:(h,v)=(0.0pt,0.0pt)
* modes: 
* h-part:(L,W,R)=(51.21504pt, 495.07779pt, 51.21504pt)
* v-part:(T,H,B)=(62.59596pt, 719.85492pt, 62.59596pt)
* \paperwidth=597.50787pt
* \paperheight=845.04684pt
* \textwidth=495.07779pt
* \textheight=719.85492pt
* \oddsidemargin=-21.05495pt
* \evensidemargin=-21.05495pt
* \topmargin=-46.67403pt
* \headheight=12.0pt
* \headsep=25.0pt
* \topskip=9.0pt
* \footskip=30.0pt
* \marginparwidth=65.0pt
* \marginparsep=10.0pt
* \columnsep=18.06749pt
* \skip\footins=8.0pt plus 4.0pt minus 2.0pt
* \hoffset=0.0pt
* \voffset=0.0pt
* \mag=1000
* \@twocolumnfalse
* \@twosidefalse
* \@mparswitchfalse
* \@reversemarginfalse
* (1in=72.27pt=25.4mm, 1cm=28.453pt)

LaTeX Font Info:    Font shape `T1/mdbch/m/fsc' will be
(Font)              scaled to size 8.64006pt on input line 153.
<F1000header.png, id=276, 180.675pt x 24.84282pt>
File: F1000header.png Graphic file (type png)
<use F1000header.png>
Package pdftex.def Info: F1000header.png  used on input line 153.
(pdftex.def)             Requested size: 87.27438pt x 12.0pt.
LaTeX Font Info:    Font shape `T1/mdbch/m/it' will be
(Font)              scaled to size 6.72005pt on input line 153.
[1

{/Users/User/Library/TinyTeX/texmf-var/fonts/map/pdftex/updmap/pdftex.map}{/Users/User/Library/TinyTeX/texmf-dist/fonts/enc/dvips/ly1/texnansi.enc}


{/Users/User/Library/TinyTeX/texmf-dist/fonts/enc/dvips/base/8r.enc} <./F1000header.png>]
*geometry* verbose mode - [ newgeometry ] result:
* driver: pdftex
* paper: a4paper
* layout: <same size as paper>
* layoutoffset:(h,v)=(0.0pt,0.0pt)
* modes: 
* h-part:(L,W,R)=(93.89418pt, 409.71951pt, 93.89418pt)
* v-part:(T,H,B)=(62.59596pt, 719.85492pt, 62.59596pt)
* \paperwidth=597.50787pt
* \paperheight=845.04684pt
* \textwidth=409.71951pt
* \textheight=719.85492pt
* \oddsidemargin=21.62419pt
* \evensidemargin=21.62419pt
* \topmargin=-46.67403pt
* \headheight=12.0pt
* \headsep=25.0pt
* \topskip=9.0pt
* \footskip=30.0pt
* \marginparwidth=65.0pt
* \marginparsep=10.0pt
* \columnsep=18.06749pt
* \skip\footins=8.0pt plus 4.0pt minus 2.0pt
* \hoffset=0.0pt
* \voffset=0.0pt
* \mag=1000
* \@twocolumnfalse
* \@twosidefalse
* \@mparswitchfalse
* \@reversemarginfalse
* (1in=72.27pt=25.4mm, 1cm=28.453pt)

LaTeX Font Info:    Font shape `T1/mdbch/b/n' will be
(Font)              scaled to size 8.64006pt on input line 156.
<figs/pcp_steps.png, id=298, 596.82974pt x 466.9445pt>
File: figs/pcp_steps.png Graphic file (type png)
<use figs/pcp_steps.png>
Package pdftex.def Info: figs/pcp_steps.png  used on input line 183.
(pdftex.def)             Requested size: 368.74506pt x 288.49797pt.
LaTeX Font Info:    Font shape `T1/cmtt/m/n' will be
(Font)              scaled to size 9.64806pt on input line 199.


[2


 <./figs/pcp_steps.png>]
LaTeX Font Info:    Font shape `T1/mdbch/m/n' will be
(Font)              scaled to size 9.60007pt on input line 237.
LaTeX Font Info:    Font shape `T1/cmtt/b/n' in size <9> not available
(Font)              Font shape `T1/cmtt/bx/n' tried instead on input line 246.
LaTeX Font Info:    Font shape `T1/cmtt/bx/n' in size <9> not available
(Font)              Font shape `T1/cmtt/m/n' tried instead on input line 246.
LaTeX Font Info:    Font shape `T1/cmtt/m/n' will be
(Font)              scaled to size 9.64806pt on input line 246.


[3]
<figs/workflow_outline.png, id=343, 736.1904pt x 654.7662pt>
File: figs/workflow_outline.png Graphic file (type png)
<use figs/workflow_outline.png>
Package pdftex.def Info: figs/workflow_outline.png  used on input line 326.
(pdftex.def)             Requested size: 368.74506pt x 327.95178pt.
LaTeX Font Info:    Font shape `OT1/cmtt/bx/n' in size <10.95> not available
(Font)              Font shape `OT1/cmtt/m/n' tried instead on input line 333.
LaTeX Font Info:    Font shape `OT1/cmtt/m/n' will be
(Font)              scaled to size 11.73846pt on input line 333.

Overfull \hbox (2.39137pt too wide) in paragraph at lines 335--341
[]\T1/mdbch/m/n/9 The first part of this work-flow will demon-strate how to im-port quan-ti-ta-tive MS data into R us-ing the \T1/cmtt/m/n/9 QFeatures
 []



[4 <./figs/workflow_outline.png>]
LaTeX Font Info:    Font shape `T1/mdbch/m/n' will be
(Font)              scaled to size 5.76004pt on input line 358.
LaTeX Font Info:    Font shape `T1/mdbch/m/it' will be
(Font)              scaled to size 8.64006pt on input line 372.


[5]
LaTeX Font Info:    Font shape `OT1/cmtt/bx/n' in size <10> not available
(Font)              Font shape `OT1/cmtt/m/n' tried instead on input line 444.
LaTeX Font Info:    Font shape `OT1/cmtt/m/n' will be
(Font)              scaled to size 10.72006pt on input line 444.
<figs/se_and_qf_and_msnset.png, id=388, 613.0905pt x 250.7769pt>
File: figs/se_and_qf_and_msnset.png Graphic file (type png)
<use figs/se_and_qf_and_msnset.png>
Package pdftex.def Info: figs/se_and_qf_and_msnset.png  used on input line 467.
(pdftex.def)             Requested size: 368.74506pt x 150.83464pt.


[6 <./figs/se_and_qf_and_msnset.png>]
LaTeX Font Info:    Font shape `T1/cmtt/b/it' in size <9> not available
(Font)              Font shape `T1/cmtt/bx/it' tried instead on input line 522.
LaTeX Font Info:    Font shape `T1/cmtt/bx/it' in size <9> not available
(Font)              Font shape `T1/cmtt/m/it' tried instead on input line 522.
LaTeX Font Info:    Font shape `T1/cmtt/m/it' will be
(Font)              scaled to size 9.64806pt on input line 522.


[7]

[8]

[9]

[10]

[11]

LaTeX Font Warning: Font shape `TS1/cmtt/b/it' undefined
(Font)              using `TS1/cmtt/m/n' instead
(Font)              for symbol `textasciigrave' on input line 945.


Overfull \hbox (21.35336pt too wide) in paragraph at lines 978--983
[]\T1/mdbch/m/n/9 To ac-cess the quan-ti-ta-tion data of the first ex-per-i-ment in the \T1/cmtt/m/it/9 QFeatures \T1/mdbch/m/n/9 ob-ject we would ex-e-cute \T1/cmtt/m/it/9 assay(qf[[1]])
 []



[12]
<figs/qc_plots.png, id=451, 505.89pt x 650.43pt>
File: figs/qc_plots.png Graphic file (type png)
<use figs/qc_plots.png>
Package pdftex.def Info: figs/qc_plots.png  used on input line 1047.
(pdftex.def)             Requested size: 368.74506pt x 474.10529pt.


[13]

[14 <./figs/qc_plots.png>]

[15]

[16]

[17]

[18]

[19]

[20]
<figs/missing_values.png, id=514, 710.4141pt x 748.7172pt>
File: figs/missing_values.png Graphic file (type png)
<use figs/missing_values.png>
Package pdftex.def Info: figs/missing_values.png  used on input line 1618.
(pdftex.def)             Requested size: 368.74506pt x 388.62686pt.


[21 <./figs/missing_values.png>]

[22]

[23]

[24]
Overfull \hbox (10.59084pt too wide) in paragraph at lines 1927--1927
[]\T1/cmtt/m/it/9 ##  [22] psms_rep1_xray_imputed: SummarizedExperiment with 78794 rows and 8 columns[] 
 []


Overfull \hbox (10.59084pt too wide) in paragraph at lines 1927--1927
[]\T1/cmtt/m/it/9 ##  [23] psms_rep2_xray_imputed: SummarizedExperiment with 89910 rows and 8 columns[] 
 []


Overfull \hbox (10.59084pt too wide) in paragraph at lines 1927--1927
[]\T1/cmtt/m/it/9 ##  [24] psms_rep3_xray_imputed: SummarizedExperiment with 80099 rows and 8 columns[] 
 []



[25]

[26]

[27]
Overfull \hbox (9.56586pt too wide) in paragraph at lines 2210--2218
[]\T1/mdbch/m/n/9 As a re-minder for read-ers, the struc-ture of an \T1/cmtt/m/it/9 MSnSet \T1/mdbch/m/n/9 ob-ject is very sim-i-lar to that of a \T1/cmtt/m/it/9 SummarizedExperiment\T1/mdbch/m/n/9 ,
 []



[28]
<figs/map_fcol_null.pdf, id=591, 867.24pt x 433.62pt>
File: figs/map_fcol_null.pdf Graphic file (type pdf)
<use figs/map_fcol_null.pdf>
Package pdftex.def Info: figs/map_fcol_null.pdf  used on input line 2311.
(pdftex.def)             Requested size: 368.74506pt x 184.37538pt.


[29]
<figs/heatmap_protein_quant.pdf, id=604, 505.89pt x 505.89pt>
File: figs/heatmap_protein_quant.pdf Graphic file (type pdf)
<use figs/heatmap_protein_quant.pdf>
Package pdftex.def Info: figs/heatmap_protein_quant.pdf  used on input line 2377.
(pdftex.def)             Requested size: 286.8024pt x 286.80872pt.


[30 <./figs/map_fcol_null.pdf>]
<figs/marker_curation.png, id=620, 645.3711pt x 842.6682pt>
File: figs/marker_curation.png Graphic file (type png)
<use figs/marker_curation.png>
Package pdftex.def Info: figs/marker_curation.png  used on input line 2429.
(pdftex.def)             Requested size: 368.74506pt x 481.4831pt.


[31 <./figs/heatmap_protein_quant.pdf>]

[32 <./figs/marker_curation.png>]

[33]
<figs/hierarchical_clustering_horizontal.png, id=655, 587.0733pt x 334.1283pt>
File: figs/hierarchical_clustering_horizontal.png Graphic file (type png)
<use figs/hierarchical_clustering_horizontal.png>
Package pdftex.def Info: figs/hierarchical_clustering_horizontal.png  used on input line 2553.
(pdftex.def)             Requested size: 409.71951pt x 233.18973pt.


[34 <./figs/hierarchical_clustering_horizontal.png>]
<figs/hdbscan_barplot.pdf, id=671, 361.35pt x 325.215pt>
File: figs/hdbscan_barplot.pdf Graphic file (type pdf)
<use figs/hdbscan_barplot.pdf>
Package pdftex.def Info: figs/hdbscan_barplot.pdf  used on input line 2604.
(pdftex.def)             Requested size: 204.85976pt x 184.37207pt.


[35 <./figs/hdbscan_barplot.pdf>]
<figs/hdbscan_results.pdf, id=684, 867.24pt x 433.62pt>
File: figs/hdbscan_results.pdf Graphic file (type pdf)
<use figs/hdbscan_results.pdf>
Package pdftex.def Info: figs/hdbscan_results.pdf  used on input line 2708.
(pdftex.def)             Requested size: 368.74506pt x 184.37538pt.


[36 <./figs/hdbscan_results.pdf>]
<figs/go_barplot.pdf, id=708, 578.16pt x 361.35pt>
File: figs/go_barplot.pdf Graphic file (type pdf)
<use figs/go_barplot.pdf>
Package pdftex.def Info: figs/go_barplot.pdf  used on input line 2806.
(pdftex.def)             Requested size: 327.77686pt x 204.85786pt.


[37]

[38 <./figs/go_barplot.pdf>]

[39]
Overfull \hbox (1.90315pt too wide) in paragraph at lines 3037--3043
\T1/cmtt/m/it/9 fData(unstim_msn)[, "markers_initial"] <- NULL\T1/mdbch/m/n/9 . Ad-di-tion-ally, if you wish to use a dif-fer-ent name
 []



[40]
<figs/og_mrk_maps.pdf, id=743, 867.24pt x 433.62pt>
File: figs/og_mrk_maps.pdf Graphic file (type pdf)
<use figs/og_mrk_maps.pdf>
Package pdftex.def Info: figs/og_mrk_maps.pdf  used on input line 3090.
(pdftex.def)             Requested size: 368.74506pt x 184.37538pt.


[41 <./figs/og_mrk_maps.pdf>]
<figs/diff_pc_maps.pdf, id=757, 867.24pt x 433.62pt>
File: figs/diff_pc_maps.pdf Graphic file (type pdf)
<use figs/diff_pc_maps.pdf>
Package pdftex.def Info: figs/diff_pc_maps.pdf  used on input line 3127.
(pdftex.def)             Requested size: 368.74506pt x 184.37538pt.
<figs/mt_plotDist.pdf, id=758, 578.16pt x 361.35pt>
File: figs/mt_plotDist.pdf Graphic file (type pdf)
<use figs/mt_plotDist.pdf>
Package pdftex.def Info: figs/mt_plotDist.pdf  used on input line 3157.
(pdftex.def)             Requested size: 204.85976pt x 128.03477pt.


[42 <./figs/diff_pc_maps.pdf>]
<figs/mrk_profiles.pdf, id=771, 578.16pt x 722.7pt>
File: figs/mrk_profiles.pdf Graphic file (type pdf)
<use figs/mrk_profiles.pdf>
Package pdftex.def Info: figs/mrk_profiles.pdf  used on input line 3191.
(pdftex.def)             Requested size: 409.71951pt x 512.15016pt.


[43 <./figs/mt_plotDist.pdf>]

[44 <./figs/mrk_profiles.pdf>]
<figs/pRolocVis_screenshot.png, id=804, 1105.12875pt x 881.2925pt>
File: figs/pRolocVis_screenshot.png Graphic file (type png)
<use figs/pRolocVis_screenshot.png>
Package pdftex.def Info: figs/pRolocVis_screenshot.png  used on input line 3251.
(pdftex.def)             Requested size: 327.77686pt x 261.37756pt.


[45 <./figs/pRolocVis_screenshot.png>]

[46]
<figs/qsep_boxplots.pdf, id=820, 722.7pt x 433.62pt>
File: figs/qsep_boxplots.pdf Graphic file (type pdf)
<use figs/qsep_boxplots.pdf>
Package pdftex.def Info: figs/qsep_boxplots.pdf  used on input line 3423.
(pdftex.def)             Requested size: 409.71951pt x 245.82944pt.


[47]
<figs/qsep_levelplots_both.pdf, id=827, 994.07059pt x 420.77725pt>
File: figs/qsep_levelplots_both.pdf Graphic file (type pdf)
<use figs/qsep_levelplots_both.pdf>
Package pdftex.def Info: figs/qsep_levelplots_both.pdf  used on input line 3451.
(pdftex.def)             Requested size: 368.74506pt x 156.0832pt.


[48 <./figs/qsep_boxplots.pdf> <./figs/qsep_levelplots_both.pdf>]

[49]

[50]

[51]
Overfull \hbox (5.52686pt too wide) in paragraph at lines 3789--3789
[]\T1/cmtt/m/it/9 ## sigma        0.0625       0.125        0.25         0.5           1           2[] 
 []


Overfull \hbox (5.52686pt too wide) in paragraph at lines 3789--3789
[]\T1/cmtt/m/it/9 ##   0.001 0.003065364 0.003065364 0.003065364 0.003065364 0.003065364 0.003065364[] 
 []


Overfull \hbox (5.52686pt too wide) in paragraph at lines 3789--3789
[]\T1/cmtt/m/it/9 ##   0.01  0.003065364 0.003065364 0.003065364 0.003065364 0.003065364 0.207445544[] 
 []


Overfull \hbox (5.52686pt too wide) in paragraph at lines 3789--3789
[]\T1/cmtt/m/it/9 ##   0.1   0.003065364 0.003065364 0.003065364 0.003065364 0.240067080 0.730830371[] 
 []


Overfull \hbox (5.52686pt too wide) in paragraph at lines 3789--3789
[]\T1/cmtt/m/it/9 ##   1     0.006526998 0.006526998 0.006526998 0.006526998 0.006526998 0.109311084[] 
 []


Overfull \hbox (5.52686pt too wide) in paragraph at lines 3789--3789
[]\T1/cmtt/m/it/9 ##   10    0.001385450 0.001385450 0.001385450 0.001385450 0.001385450 0.001385450[] 
 []


Overfull \hbox (5.52686pt too wide) in paragraph at lines 3789--3789
[]\T1/cmtt/m/it/9 ##   100   0.001385450 0.001385450 0.001385450 0.001385450 0.001385450 0.001385450[] 
 []


Overfull \hbox (3.00816pt too wide) in paragraph at lines 3791--3794
[]\T1/mdbch/m/n/9 To see which pairs of pa-ram-e-ters re-sulted in the high-est F1 score for each it-er-a-tion we can use the \T1/cmtt/m/it/9 getF1Scores
 []



[52]

[53]
<figs/svm_score_boxplot.pdf, id=911, 722.7pt x 433.62pt>
File: figs/svm_score_boxplot.pdf Graphic file (type pdf)
<use figs/svm_score_boxplot.pdf>
Package pdftex.def Info: figs/svm_score_boxplot.pdf  used on input line 3968.
(pdftex.def)             Requested size: 245.8342pt x 147.50163pt.


[54 <./figs/svm_score_boxplot.pdf>]

[55]
Overfull \hbox (8.49387pt too wide) in paragraph at lines 4096--4100
[] [] \T1/mdbch/b/n/9 Op-ti-mis-ing TAG-M-MAP model pa-ram-e-ters[] \T1/mdbch/m/n/9 The first step in us-ing TAGM-MAP is ex-e-cut-ing the \T1/cmtt/m/it/9 tagmMapTrain
 []

<figs/log_post.pdf, id=934, 578.16pt x 361.35pt>
File: figs/log_post.pdf Graphic file (type pdf)
<use figs/log_post.pdf>
Package pdftex.def Info: figs/log_post.pdf  used on input line 4130.
(pdftex.def)             Requested size: 286.8024pt x 179.252pt.


[56 <./figs/log_post.pdf>]

[57]

[58]

[59]
<figs/tagm_mcmc_trace_dens.pdf, id=972, 505.89pt x 722.7pt>
File: figs/tagm_mcmc_trace_dens.pdf Graphic file (type pdf)
<use figs/tagm_mcmc_trace_dens.pdf>
Package pdftex.def Info: figs/tagm_mcmc_trace_dens.pdf  used on input line 4449.
(pdftex.def)             Requested size: 327.77686pt x 468.26071pt.


[60]

[61 <./figs/tagm_mcmc_trace_dens.pdf>]
Overfull \hbox (10.59084pt too wide) in paragraph at lines 4551--4551
[]\T1/cmtt/m/it/9 ## [37] "tagm.mcmc.probability.lowerquantile" "tagm.mcmc.probability.upperquantile"[] 
 []



[62]

[63]
<figs/multiloc_violin.pdf, id=1008, 433.62pt x 289.08pt>
File: figs/multiloc_violin.pdf Graphic file (type pdf)
<use figs/multiloc_violin.pdf>
Package pdftex.def Info: figs/multiloc_violin.pdf  used on input line 4679.
(pdftex.def)             Requested size: 286.8024pt x 191.21242pt.
<figs/svm_pca.pdf, id=1009, 867.24pt x 433.62pt>
File: figs/svm_pca.pdf Graphic file (type pdf)
<use figs/svm_pca.pdf>
Package pdftex.def Info: figs/svm_pca.pdf  used on input line 4732.
(pdftex.def)             Requested size: 368.74506pt x 184.37538pt.


[64 <./figs/multiloc_violin.pdf>]
<figs/svm_maps.pdf, id=1021, 722.7pt x 722.7pt>
File: figs/svm_maps.pdf Graphic file (type pdf)
<use figs/svm_maps.pdf>
Package pdftex.def Info: figs/svm_maps.pdf  used on input line 4794.
(pdftex.def)             Requested size: 409.71951pt x 409.71571pt.


[65 <./figs/svm_pca.pdf>]

[66 <./figs/svm_maps.pdf>]
<figs/screenshot_complexes_gui.jpg, id=1046, 2009.5075pt x 1055.945pt>
File: figs/screenshot_complexes_gui.jpg Graphic file (type jpg)
<use figs/screenshot_complexes_gui.jpg>
Package pdftex.def Info: figs/screenshot_complexes_gui.jpg  used on input line 4840.
(pdftex.def)             Requested size: 409.71951pt x 215.29391pt.
<figs/annotated_pca.pdf, id=1048, 578.16pt x 505.89pt>
File: figs/annotated_pca.pdf Graphic file (type pdf)
<use figs/annotated_pca.pdf>
Package pdftex.def Info: figs/annotated_pca.pdf  used on input line 4889.
(pdftex.def)             Requested size: 286.8024pt x 250.9528pt.


[67 <./figs/screenshot_complexes_gui.jpg>]
<figs/annotated_pca2.pdf, id=1058, 578.16pt x 505.89pt>
File: figs/annotated_pca2.pdf Graphic file (type pdf)
<use figs/annotated_pca2.pdf>
Package pdftex.def Info: figs/annotated_pca2.pdf  used on input line 4944.
(pdftex.def)             Requested size: 286.8024pt x 250.9528pt.


[68 <./figs/annotated_pca.pdf>]

[69 <./figs/annotated_pca2.pdf>]
Overfull \hbox (5.52686pt too wide) in paragraph at lines 5033--5033
[]\T1/cmtt/m/it/9 ##  [13] psms_rep1_unstim_norm: SummarizedExperiment with 78864 rows and 8 columns[] 
 []


Overfull \hbox (5.52686pt too wide) in paragraph at lines 5033--5033
[]\T1/cmtt/m/it/9 ##  [14] psms_rep2_unstim_norm: SummarizedExperiment with 90078 rows and 8 columns[] 
 []


Overfull \hbox (5.52686pt too wide) in paragraph at lines 5033--5033
[]\T1/cmtt/m/it/9 ##  [15] psms_rep3_unstim_norm: SummarizedExperiment with 80302 rows and 8 columns[] 
 []


Overfull \hbox (20.7188pt too wide) in paragraph at lines 5033--5033
[]\T1/cmtt/m/it/9 ##  [19] psms_rep1_unstim_imputed: SummarizedExperiment with 78864 rows and 8 columns[] 
 []


Overfull \hbox (20.7188pt too wide) in paragraph at lines 5033--5033
[]\T1/cmtt/m/it/9 ##  [20] psms_rep2_unstim_imputed: SummarizedExperiment with 90078 rows and 8 columns[] 
 []


Overfull \hbox (20.7188pt too wide) in paragraph at lines 5033--5033
[]\T1/cmtt/m/it/9 ##  [21] psms_rep3_unstim_imputed: SummarizedExperiment with 80302 rows and 8 columns[] 
 []


Overfull \hbox (10.59084pt too wide) in paragraph at lines 5033--5033
[]\T1/cmtt/m/it/9 ##  [22] psms_rep1_xray_imputed: SummarizedExperiment with 78794 rows and 8 columns[] 
 []


Overfull \hbox (10.59084pt too wide) in paragraph at lines 5033--5033
[]\T1/cmtt/m/it/9 ##  [23] psms_rep2_xray_imputed: SummarizedExperiment with 89910 rows and 8 columns[] 
 []


Overfull \hbox (10.59084pt too wide) in paragraph at lines 5033--5033
[]\T1/cmtt/m/it/9 ##  [24] psms_rep3_xray_imputed: SummarizedExperiment with 80099 rows and 8 columns[] 
 []



[70]

[71]
<figs/gp_plot.pdf, id=1113, 578.16pt x 867.24pt>
File: figs/gp_plot.pdf Graphic file (type pdf)
<use figs/gp_plot.pdf>
Package pdftex.def Info: figs/gp_plot.pdf  used on input line 5216.
(pdftex.def)             Requested size: 368.74506pt x 553.11293pt.


[72]

[73 <./figs/gp_plot.pdf>]
<figs/bandle_prior_hist.pdf, id=1135, 433.62pt x 289.08pt>
File: figs/bandle_prior_hist.pdf Graphic file (type pdf)
<use figs/bandle_prior_hist.pdf>
Package pdftex.def Info: figs/bandle_prior_hist.pdf  used on input line 5269.
(pdftex.def)             Requested size: 327.77686pt x 218.52974pt.


[74 <./figs/bandle_prior_hist.pdf>]

[75]
<figs/bandle_outliers.pdf, id=1157, 722.7pt x 867.24pt>
File: figs/bandle_outliers.pdf Graphic file (type pdf)
<use figs/bandle_outliers.pdf>
Package pdftex.def Info: figs/bandle_outliers.pdf  used on input line 5404.
(pdftex.def)             Requested size: 389.23228pt x 467.0852pt.


[76 <./figs/bandle_outliers.pdf>]

[77]
LaTeX Font Info:    Trying to load font information for TS1+mdbch on input line 5568.
(/Users/User/Library/TinyTeX/texmf-dist/tex/latex/mathdesign/mdbch/ts1mdbch.fd
File: ts1mdbch.fd 2013/08/29 Fontinst v1.933 font definitions for TS1/mdbch.
)
LaTeX Font Info:    Font shape `TS1/mdbch/m/n' will be
(Font)              scaled to size 8.64006pt on input line 5568.


[78]

[79]
<figs/bandle_classifications.pdf, id=1185, 722.7pt x 433.62pt>
File: figs/bandle_classifications.pdf Graphic file (type pdf)
<use figs/bandle_classifications.pdf>
Package pdftex.def Info: figs/bandle_classifications.pdf  used on input line 5771.
(pdftex.def)             Requested size: 368.74506pt x 221.24913pt.


[80]
<figs/bandle_posteriors.pdf, id=1192, 722.7pt x 433.62pt>
File: figs/bandle_posteriors.pdf Graphic file (type pdf)
<use figs/bandle_posteriors.pdf>
Package pdftex.def Info: figs/bandle_posteriors.pdf  used on input line 5817.
(pdftex.def)             Requested size: 368.74506pt x 221.24913pt.


[81 <./figs/bandle_classifications.pdf>]
<figs/bandle_prediction_maps.pdf, id=1206, 578.16pt x 1084.05pt>
File: figs/bandle_prediction_maps.pdf Graphic file (type pdf)
<use figs/bandle_prediction_maps.pdf>
Package pdftex.def Info: figs/bandle_prediction_maps.pdf  used on input line 5858.
(pdftex.def)             Requested size: 327.77686pt x 614.5736pt.


[82 <./figs/bandle_posteriors.pdf>]

[83 <./figs/bandle_prediction_maps.pdf>]
<figs/unstim_unknown_violins.pdf, id=1234, 867.24pt x 867.24pt>
File: figs/unstim_unknown_violins.pdf Graphic file (type pdf)
<use figs/unstim_unknown_violins.pdf>
Package pdftex.def Info: figs/unstim_unknown_violins.pdf  used on input line 5932.
(pdftex.def)             Requested size: 409.71951pt x 409.72014pt.


[84]
<figs/xray_unknown_violins.pdf, id=1242, 867.24pt x 867.24pt>
File: figs/xray_unknown_violins.pdf Graphic file (type pdf)
<use figs/xray_unknown_violins.pdf>
Package pdftex.def Info: figs/xray_unknown_violins.pdf  used on input line 5950.
(pdftex.def)             Requested size: 409.71951pt x 409.72014pt.


[85 <./figs/unstim_unknown_violins.pdf>]
Overfull \hbox (5.52686pt too wide) in paragraph at lines 6005--6005
[]\T1/cmtt/m/it/9 ##               chromatin       cytosol            ER         ERGIC            GA[] 
 []


Overfull \hbox (5.52686pt too wide) in paragraph at lines 6005--6005
[]\T1/cmtt/m/it/9 ## A0A0U1RRE5 2.711979e-65  9.196591e-42 2.049920e-239 8.798116e-241 6.662549e-138[] 
 []


Overfull \hbox (5.52686pt too wide) in paragraph at lines 6005--6005
[]\T1/cmtt/m/it/9 ## A0AV96     1.629262e-56 1.343584e-137 1.105275e-116  2.987566e-51  4.716413e-67[] 
 []


Overfull \hbox (5.52686pt too wide) in paragraph at lines 6005--6005
[]\T1/cmtt/m/it/9 ## A0AVF1     5.380888e-66 2.840017e-100 2.439553e-212 2.355519e-201 1.498431e-119[] 
 []


Overfull \hbox (5.52686pt too wide) in paragraph at lines 6005--6005
[]\T1/cmtt/m/it/9 ## A0FGR8     5.775737e-77 3.214817e-131  2.279897e-17  2.636580e-01  1.295475e-32[] 
 []



[86 <./figs/xray_unknown_violins.pdf>]
Overfull \hbox (5.52686pt too wide) in paragraph at lines 6005--6005
[]\T1/cmtt/m/it/9 ## A0PJW6     6.779739e-45 6.950206e-215 6.916067e-285  0.000000e+00  4.191143e-84[] 
 []


Overfull \hbox (5.52686pt too wide) in paragraph at lines 6005--6005
[]\T1/cmtt/m/it/9 ## A1A4S6     2.352237e-49 7.327521e-110 9.709287e-134 3.467977e-138  1.479035e-41[] 
 []


Overfull \hbox (5.52686pt too wide) in paragraph at lines 6005--6005
[]\T1/cmtt/m/it/9 ##                 lysosome mitochondrion      nucleus    peroxisome            PM[] 
 []


Overfull \hbox (5.52686pt too wide) in paragraph at lines 6005--6005
[]\T1/cmtt/m/it/9 ## A0A0U1RRE5 2.531300e-314  0.000000e+00 1.000000e+00  0.000000e+00 8.073240e-175[] 
 []


Overfull \hbox (5.52686pt too wide) in paragraph at lines 6005--6005
[]\T1/cmtt/m/it/9 ## A0AV96     6.864402e-207 3.445242e-263 1.000000e+00  0.000000e+00  1.533369e-61[] 
 []


Overfull \hbox (5.52686pt too wide) in paragraph at lines 6005--6005
[]\T1/cmtt/m/it/9 ## A0AVF1     4.463920e-288 1.158345e-317 7.603868e-01  0.000000e+00 3.745508e-149[] 
 []


Overfull \hbox (5.52686pt too wide) in paragraph at lines 6005--6005
[]\T1/cmtt/m/it/9 ## A0FGR8      2.507399e-87 1.342191e-220 2.092688e-30 1.497077e-150  7.363420e-01[] 
 []


Overfull \hbox (5.52686pt too wide) in paragraph at lines 6005--6005
[]\T1/cmtt/m/it/9 ## A0PJW6     6.434494e-207  1.000000e+00 3.026051e-61  0.000000e+00 3.823400e-266[] 
 []


Overfull \hbox (5.52686pt too wide) in paragraph at lines 6005--6005
[]\T1/cmtt/m/it/9 ## A1A4S6     7.727091e-185 5.788136e-179 1.000000e+00  0.000000e+00  2.493783e-83[] 
 []

<figs/cond1_unass_post.pdf, id=1265, 505.89pt x 505.89pt>
File: figs/cond1_unass_post.pdf Graphic file (type pdf)
<use figs/cond1_unass_post.pdf>
Package pdftex.def Info: figs/cond1_unass_post.pdf  used on input line 6028.
(pdftex.def)             Requested size: 327.77686pt x 327.78249pt.
<figs/cond2_unass_post.pdf, id=1266, 505.89pt x 505.89pt>
File: figs/cond2_unass_post.pdf Graphic file (type pdf)
<use figs/cond2_unass_post.pdf>
Package pdftex.def Info: figs/cond2_unass_post.pdf  used on input line 6036.
(pdftex.def)             Requested size: 327.77686pt x 327.78249pt.


[87 <./figs/cond1_unass_post.pdf>]
Overfull \hbox (38.88356pt too wide) in paragraph at lines 6069--6071
[]\T1/mdbch/m/n/9 To ob-tain the dif-fer-en-tial lo-cal-i-sa-tion prob-a-bil-ity from a \T1/cmtt/m/it/9 bandleParams \T1/mdbch/m/n/9 ob-ject we can use the \T1/cmtt/m/it/9 diffLocalisationProb
 []



[88 <./figs/cond2_unass_post.pdf>]
<figs/bandle_dl_prob_rank.pdf, id=1292, 433.62pt x 289.08pt>
File: figs/bandle_dl_prob_rank.pdf Graphic file (type pdf)
<use figs/bandle_dl_prob_rank.pdf>
Package pdftex.def Info: figs/bandle_dl_prob_rank.pdf  used on input line 6102.
(pdftex.def)             Requested size: 327.77686pt x 218.52974pt.


[89 <./figs/bandle_dl_prob_rank.pdf>]
Overfull \hbox (12.98572pt too wide) in paragraph at lines 6175--6182
\T1/mdbch/m/n/9 lar lo-cal-i-sa-tions, here \T1/cmtt/m/it/9 bandle.allocation.pred\T1/mdbch/m/n/9 . The de-fault plot that is gen-er-ated by \T1/cmtt/m/it/9 plotTranslocations
 []

<figs/alluvial_plot.pdf, id=1306, 505.89pt x 505.89pt>
File: figs/alluvial_plot.pdf Graphic file (type pdf)
<use figs/alluvial_plot.pdf>
Package pdftex.def Info: figs/alluvial_plot.pdf  used on input line 6199.
(pdftex.def)             Requested size: 286.8024pt x 286.80872pt.


[90 <./figs/alluvial_plot.pdf>]
<figs/circo_plot.pdf, id=1323, 505.89pt x 505.89pt>
File: figs/circo_plot.pdf Graphic file (type pdf)
<use figs/circo_plot.pdf>
Package pdftex.def Info: figs/circo_plot.pdf  used on input line 6222.
(pdftex.def)             Requested size: 286.8024pt x 286.80872pt.


[91 <./figs/circo_plot.pdf>]

[92]

[93]
Overfull \hbox (61.23064pt too wide) in paragraph at lines 6536--6536
[]\T1/cmtt/m/it/9 ## BLAS:   /Library/Frameworks/R.framework/Versions/4.5-x86_64/Resources/lib/libRblas.0.dylib[] 
 []


Overfull \hbox (182.76616pt too wide) in paragraph at lines 6536--6536
[]\T1/cmtt/m/it/9 ## LAPACK: /Library/Frameworks/R.framework/Versions/4.5-x86_64/Resources/lib/libRlapack.dylib;  LAPACK version 3.12.1[] 
 []


Overfull \hbox (0.46288pt too wide) in paragraph at lines 6536--6536
[]\T1/cmtt/m/it/9 ##  [25] ggfun_0.1.8              survival_3.8-3           MetaboCoreUtils_1.16.0[] 
 []


Overfull \hbox (5.52686pt too wide) in paragraph at lines 6536--6536
[]\T1/cmtt/m/it/9 ##  [52] shinyhelper_0.3.2        randomForest_4.7-1.2     GenomeInfoDbData_1.2.14[] 
 []



[94]

[95]
LaTeX Font Info:    Font shape `T1/mdbch/m/n' will be
(Font)              scaled to size 7.68005pt on input line 6565.
(./Subcellular_proteomics_workflow.bbl
LaTeX Font Info:    Font shape `T1/mdbch/m/it' will be
(Font)              scaled to size 7.68005pt on input line 11.
LaTeX Font Info:    Font shape `T1/cmtt/m/n' will be
(Font)              scaled to size 8.57605pt on input line 13.


[96]

[97])

[98] 
enddocument/afterlastpage (AED): lastpage setting LastPage.
(./Subcellular_proteomics_workflow.aux)
 ***********
LaTeX2e <2024-11-01> patch level 2
L3 programming layer <2025-04-29>
 ***********

LaTeX Font Warning: Some font shapes were not available, defaults substituted.

Package rerunfilecheck Info: File `Subcellular_proteomics_workflow.out' has not changed.
(rerunfilecheck)             Checksum: 249194A425FE0831C5239203F407AC0B;16443.
 ) 
Here is how much of TeX's memory you used:
 29371 strings out of 471528
 542857 string characters out of 5518826
 925923 words of memory out of 5000000
 55101 multiletter control sequences out of 15000+600000
 697895 words of font info for 151 fonts, out of 8000000 for 9000
 36 hyphenation exceptions out of 8191
 114i,15n,131p,916b,703s stack positions out of 10000i,1000n,20000p,200000b,200000s
 </Users/User/Library/TinyTeX/texmf-var/fonts/pk/ljfour/jknappen/ec/ectt0800.643pk> </Users/User/Library/TinyTeX/texmf-var/fonts/pk/ljfour/jknappen/ec/tctt0900.600pk> </Users/User/Library/TinyTeX/texmf-var/fonts/pk/ljfour/jknappen/ec/ectt0900.643pk></Users/User/Library/TinyTeX/texmf-dist/fonts/type1/bitstrea/charter/bchb8a.pfb></Users/User/Library/TinyTeX/texmf-dist/fonts/type1/bitstrea/charter/bchr8a.pfb></Users/User/Library/TinyTeX/texmf-dist/fonts/type1/bitstrea/charter/bchri8a.pfb></Users/User/Library/TinyTeX/texmf-dist/fonts/type1/public/amsfonts/cm/cmtt10.pfb></Users/User/Library/TinyTeX/texmf-dist/fonts/type1/public/mathdesign/mdbch/md-chb8t.pfb></Users/User/Library/TinyTeX/texmf-dist/fonts/type1/public/mathdesign/mdbch/md-chr8t.pfb></Users/User/Library/TinyTeX/texmf-dist/fonts/type1/urw/helvetic/uhvb8a.pfb></Users/User/Library/TinyTeX/texmf-dist/fonts/type1/urw/helvetic/uhvr8a.pfb>
Output written on Subcellular_proteomics_workflow.pdf (98 pages, 16990435 bytes).
PDF statistics:
 1714 PDF objects out of 1728 (max. 8388607)
 1355 compressed objects within 14 object streams
 304 named destinations out of 1000 (max. 500000)
 759 words of extra memory for PDF output out of 10000 (max. 10000000)

